<?xml version="1.0" encoding="UTF-8"?>
<!-- Generated by org.testng.reporters.JUnitXMLReporter -->
<testsuite hostname="DESKTOP-RKOMUFV" failures="3" tests="19" name="Test" time="71.559" errors="0" timestamp="16 Aug 2021 07:52:50 GMT">
  <testcase classname="com.day12.com.SeleniumEasyAlertTest" name="TC_01verifyDropdownClickValueAndPageIsDesplayed" time="1.863"/>
  <testcase classname="com.day10.testNGIntegration.SeleniumEasyTest" name="TC_01VerifyDropdownClickOnValueAndInputDemoPageIsDisplayed" time="1.685">
    <failure type="org.openqa.selenium.ElementClickInterceptedException" message="element click intercepted: Element &amp;lt;a href=&amp;quot;./basic-first-form-demo.html&amp;quot;&amp;gt;...&amp;lt;/a&amp;gt; is not clickable at point (305, 235). Other element would receive the click: &amp;lt;div id=&amp;quot;at-cv-lightbox-inner&amp;quot;&amp;gt;...&amp;lt;/div&amp;gt;
  (Session info: chrome=92.0.4515.131)
Build info: version: &amp;apos;3.141.59&amp;apos;, revision: &amp;apos;e82be7d358&amp;apos;, time: &amp;apos;2018-11-14T08:17:03&amp;apos;
System info: host: &amp;apos;DESKTOP-RKOMUFV&amp;apos;, ip: &amp;apos;192.168.43.225&amp;apos;, os.name: &amp;apos;Windows 10&amp;apos;, os.arch: &amp;apos;amd64&amp;apos;, os.version: &amp;apos;10.0&amp;apos;, java.version: &amp;apos;16.0.2&amp;apos;
Driver info: org.openqa.selenium.chrome.ChromeDriver
Capabilities {acceptInsecureCerts: false, browserName: chrome, browserVersion: 92.0.4515.131, chrome: {chromedriverVersion: 92.0.4515.43 (8c61b7e2989f2..., userDataDir: C:\Users\Admin\AppData\Loca...}, goog:chromeOptions: {debuggerAddress: localhost:56188}, javascriptEnabled: true, networkConnectionEnabled: false, pageLoadStrategy: normal, platform: WINDOWS, platformName: WINDOWS, proxy: Proxy(), setWindowRect: true, strictFileInteractability: false, timeouts: {implicit: 0, pageLoad: 300000, script: 30000}, unhandledPromptBehavior: dismiss and notify, webauthn:extension:credBlob: true, webauthn:extension:largeBlob: true, webauthn:virtualAuthenticators: true}
Session ID: 190fa3c7b603a9b9022048ad26bd4539">
      <![CDATA[org.openqa.selenium.ElementClickInterceptedException: element click intercepted: Element <a href="./basic-first-form-demo.html">...</a> is not clickable at point (305, 235). Other element would receive the click: <div id="at-cv-lightbox-inner">...</div>
  (Session info: chrome=92.0.4515.131)
Build info: version: '3.141.59', revision: 'e82be7d358', time: '2018-11-14T08:17:03'
System info: host: 'DESKTOP-RKOMUFV', ip: '192.168.43.225', os.name: 'Windows 10', os.arch: 'amd64', os.version: '10.0', java.version: '16.0.2'
Driver info: org.openqa.selenium.chrome.ChromeDriver
Capabilities {acceptInsecureCerts: false, browserName: chrome, browserVersion: 92.0.4515.131, chrome: {chromedriverVersion: 92.0.4515.43 (8c61b7e2989f2..., userDataDir: C:\Users\Admin\AppData\Loca...}, goog:chromeOptions: {debuggerAddress: localhost:56188}, javascriptEnabled: true, networkConnectionEnabled: false, pageLoadStrategy: normal, platform: WINDOWS, platformName: WINDOWS, proxy: Proxy(), setWindowRect: true, strictFileInteractability: false, timeouts: {implicit: 0, pageLoad: 300000, script: 30000}, unhandledPromptBehavior: dismiss and notify, webauthn:extension:credBlob: true, webauthn:extension:largeBlob: true, webauthn:virtualAuthenticators: true}
Session ID: 190fa3c7b603a9b9022048ad26bd4539
	at org.openqa.selenium.remote.http.W3CHttpResponseCodec.createException(W3CHttpResponseCodec.java:187)
	at org.openqa.selenium.remote.http.W3CHttpResponseCodec.decode(W3CHttpResponseCodec.java:122)
	at org.openqa.selenium.remote.http.W3CHttpResponseCodec.decode(W3CHttpResponseCodec.java:49)
	at org.openqa.selenium.remote.HttpCommandExecutor.execute(HttpCommandExecutor.java:158)
	at org.openqa.selenium.remote.service.DriverCommandExecutor.execute(DriverCommandExecutor.java:83)
	at org.openqa.selenium.remote.RemoteWebDriver.execute(RemoteWebDriver.java:552)
	at org.openqa.selenium.remote.RemoteWebElement.execute(RemoteWebElement.java:285)
	at org.openqa.selenium.remote.RemoteWebElement.click(RemoteWebElement.java:84)
	at com.day10.testNGIntegration.SeleniumEasyPage.getvaluesOfDropDown(SeleniumEasyPage.java:62)
	at com.day10.testNGIntegration.SeleniumEasyPage.getDropdownAndValues(SeleniumEasyPage.java:69)
	at com.day10.testNGIntegration.SeleniumEasyTest.TC_01VerifyDropdownClickOnValueAndInputDemoPageIsDisplayed(SeleniumEasyTest.java:27)
... Removed 29 stack frames]]>
    </failure>
  </testcase> <!-- TC_01VerifyDropdownClickOnValueAndInputDemoPageIsDisplayed -->
  <testcase classname="com.day10.RedioButton.com.SeleniumRedioButtonTest" name="TC_01VerifyHeaderofRedioButtonDemoPage" time="0.087"/>
  <testcase classname="com.day11CheckBox.com.SeleniumCheckBoxTest" name="TC_01CheckBoxPageHeaderTextIsDisplayed" time="0.084"/>
  <testcase classname="com.day12.com.SeleniumEasyAlertTest" name="TC_02ClickButtonAndVerifyAlertTextAutoCloseSuccess" time="0.184"/>
  <testcase classname="com.day10.testNGIntegration.SeleniumEasyTest" name="TC_02VerifySingleInputField" time="10.045">
    <failure type="org.openqa.selenium.NoSuchElementException" message="no such element: Unable to locate element: {&amp;quot;method&amp;quot;:&amp;quot;xpath&amp;quot;,&amp;quot;selector&amp;quot;:&amp;quot;//div[text()=&amp;apos;Single Input Field&amp;apos;]&amp;quot;}
  (Session info: chrome=92.0.4515.131)
For documentation on this error, please visit: https://www.seleniumhq.org/exceptions/no_such_element.html
Build info: version: &amp;apos;3.141.59&amp;apos;, revision: &amp;apos;e82be7d358&amp;apos;, time: &amp;apos;2018-11-14T08:17:03&amp;apos;
System info: host: &amp;apos;DESKTOP-RKOMUFV&amp;apos;, ip: &amp;apos;192.168.43.225&amp;apos;, os.name: &amp;apos;Windows 10&amp;apos;, os.arch: &amp;apos;amd64&amp;apos;, os.version: &amp;apos;10.0&amp;apos;, java.version: &amp;apos;16.0.2&amp;apos;
Driver info: org.openqa.selenium.chrome.ChromeDriver
Capabilities {acceptInsecureCerts: false, browserName: chrome, browserVersion: 92.0.4515.131, chrome: {chromedriverVersion: 92.0.4515.43 (8c61b7e2989f2..., userDataDir: C:\Users\Admin\AppData\Loca...}, goog:chromeOptions: {debuggerAddress: localhost:56188}, javascriptEnabled: true, networkConnectionEnabled: false, pageLoadStrategy: normal, platform: WINDOWS, platformName: WINDOWS, proxy: Proxy(), setWindowRect: true, strictFileInteractability: false, timeouts: {implicit: 0, pageLoad: 300000, script: 30000}, unhandledPromptBehavior: dismiss and notify, webauthn:extension:credBlob: true, webauthn:extension:largeBlob: true, webauthn:virtualAuthenticators: true}
Session ID: 190fa3c7b603a9b9022048ad26bd4539
*** Element info: {Using=xpath, value=//div[text()=&amp;apos;Single Input Field&amp;apos;]}">
      <![CDATA[org.openqa.selenium.NoSuchElementException: no such element: Unable to locate element: {"method":"xpath","selector":"//div[text()='Single Input Field']"}
  (Session info: chrome=92.0.4515.131)
For documentation on this error, please visit: https://www.seleniumhq.org/exceptions/no_such_element.html
Build info: version: '3.141.59', revision: 'e82be7d358', time: '2018-11-14T08:17:03'
System info: host: 'DESKTOP-RKOMUFV', ip: '192.168.43.225', os.name: 'Windows 10', os.arch: 'amd64', os.version: '10.0', java.version: '16.0.2'
Driver info: org.openqa.selenium.chrome.ChromeDriver
Capabilities {acceptInsecureCerts: false, browserName: chrome, browserVersion: 92.0.4515.131, chrome: {chromedriverVersion: 92.0.4515.43 (8c61b7e2989f2..., userDataDir: C:\Users\Admin\AppData\Loca...}, goog:chromeOptions: {debuggerAddress: localhost:56188}, javascriptEnabled: true, networkConnectionEnabled: false, pageLoadStrategy: normal, platform: WINDOWS, platformName: WINDOWS, proxy: Proxy(), setWindowRect: true, strictFileInteractability: false, timeouts: {implicit: 0, pageLoad: 300000, script: 30000}, unhandledPromptBehavior: dismiss and notify, webauthn:extension:credBlob: true, webauthn:extension:largeBlob: true, webauthn:virtualAuthenticators: true}
Session ID: 190fa3c7b603a9b9022048ad26bd4539
*** Element info: {Using=xpath, value=//div[text()='Single Input Field']}
	at org.openqa.selenium.remote.http.W3CHttpResponseCodec.createException(W3CHttpResponseCodec.java:187)
	at org.openqa.selenium.remote.http.W3CHttpResponseCodec.decode(W3CHttpResponseCodec.java:122)
	at org.openqa.selenium.remote.http.W3CHttpResponseCodec.decode(W3CHttpResponseCodec.java:49)
	at org.openqa.selenium.remote.HttpCommandExecutor.execute(HttpCommandExecutor.java:158)
	at org.openqa.selenium.remote.service.DriverCommandExecutor.execute(DriverCommandExecutor.java:83)
	at org.openqa.selenium.remote.RemoteWebDriver.execute(RemoteWebDriver.java:552)
	at org.openqa.selenium.remote.RemoteWebDriver.findElement(RemoteWebDriver.java:323)
	at org.openqa.selenium.remote.RemoteWebDriver.findElementByXPath(RemoteWebDriver.java:428)
	at org.openqa.selenium.By$ByXPath.findElement(By.java:353)
	at org.openqa.selenium.remote.RemoteWebDriver.findElement(RemoteWebDriver.java:315)
	at com.day10.testNGIntegration.SeleniumEasyPage.verifyInputFields(SeleniumEasyPage.java:87)
	at com.day10.testNGIntegration.SeleniumEasyTest.TC_02VerifySingleInputField(SeleniumEasyTest.java:34)
... Removed 29 stack frames]]>
    </failure>
  </testcase> <!-- TC_02VerifySingleInputField -->
  <testcase classname="com.day10.RedioButton.com.SeleniumRedioButtonTest" name="TC_02VerifyRedioButtonDemoField" time="0.348"/>
  <testcase classname="com.day11CheckBox.com.SeleniumCheckBoxTest" name="TC_02VerifyAndClickSingleCheckBox" time="0.212"/>
  <testcase classname="com.day12.com.SeleniumEasyAlertTest" name="TC_03ClickButtonAndVerifyAlertTextNormalSuccess" time="0.149"/>
  <testcase classname="com.day10.testNGIntegration.SeleniumEasyTest" name="TC_03VerifyMultiInputField" time="10.063">
    <failure type="org.openqa.selenium.NoSuchElementException" message="no such element: Unable to locate element: {&amp;quot;method&amp;quot;:&amp;quot;xpath&amp;quot;,&amp;quot;selector&amp;quot;:&amp;quot;//div[text()=&amp;apos;Two Input Fields&amp;apos;]&amp;quot;}
  (Session info: chrome=92.0.4515.131)
For documentation on this error, please visit: https://www.seleniumhq.org/exceptions/no_such_element.html
Build info: version: &amp;apos;3.141.59&amp;apos;, revision: &amp;apos;e82be7d358&amp;apos;, time: &amp;apos;2018-11-14T08:17:03&amp;apos;
System info: host: &amp;apos;DESKTOP-RKOMUFV&amp;apos;, ip: &amp;apos;192.168.43.225&amp;apos;, os.name: &amp;apos;Windows 10&amp;apos;, os.arch: &amp;apos;amd64&amp;apos;, os.version: &amp;apos;10.0&amp;apos;, java.version: &amp;apos;16.0.2&amp;apos;
Driver info: org.openqa.selenium.chrome.ChromeDriver
Capabilities {acceptInsecureCerts: false, browserName: chrome, browserVersion: 92.0.4515.131, chrome: {chromedriverVersion: 92.0.4515.43 (8c61b7e2989f2..., userDataDir: C:\Users\Admin\AppData\Loca...}, goog:chromeOptions: {debuggerAddress: localhost:56188}, javascriptEnabled: true, networkConnectionEnabled: false, pageLoadStrategy: normal, platform: WINDOWS, platformName: WINDOWS, proxy: Proxy(), setWindowRect: true, strictFileInteractability: false, timeouts: {implicit: 0, pageLoad: 300000, script: 30000}, unhandledPromptBehavior: dismiss and notify, webauthn:extension:credBlob: true, webauthn:extension:largeBlob: true, webauthn:virtualAuthenticators: true}
Session ID: 190fa3c7b603a9b9022048ad26bd4539
*** Element info: {Using=xpath, value=//div[text()=&amp;apos;Two Input Fields&amp;apos;]}">
      <![CDATA[org.openqa.selenium.NoSuchElementException: no such element: Unable to locate element: {"method":"xpath","selector":"//div[text()='Two Input Fields']"}
  (Session info: chrome=92.0.4515.131)
For documentation on this error, please visit: https://www.seleniumhq.org/exceptions/no_such_element.html
Build info: version: '3.141.59', revision: 'e82be7d358', time: '2018-11-14T08:17:03'
System info: host: 'DESKTOP-RKOMUFV', ip: '192.168.43.225', os.name: 'Windows 10', os.arch: 'amd64', os.version: '10.0', java.version: '16.0.2'
Driver info: org.openqa.selenium.chrome.ChromeDriver
Capabilities {acceptInsecureCerts: false, browserName: chrome, browserVersion: 92.0.4515.131, chrome: {chromedriverVersion: 92.0.4515.43 (8c61b7e2989f2..., userDataDir: C:\Users\Admin\AppData\Loca...}, goog:chromeOptions: {debuggerAddress: localhost:56188}, javascriptEnabled: true, networkConnectionEnabled: false, pageLoadStrategy: normal, platform: WINDOWS, platformName: WINDOWS, proxy: Proxy(), setWindowRect: true, strictFileInteractability: false, timeouts: {implicit: 0, pageLoad: 300000, script: 30000}, unhandledPromptBehavior: dismiss and notify, webauthn:extension:credBlob: true, webauthn:extension:largeBlob: true, webauthn:virtualAuthenticators: true}
Session ID: 190fa3c7b603a9b9022048ad26bd4539
*** Element info: {Using=xpath, value=//div[text()='Two Input Fields']}
	at org.openqa.selenium.remote.http.W3CHttpResponseCodec.createException(W3CHttpResponseCodec.java:187)
	at org.openqa.selenium.remote.http.W3CHttpResponseCodec.decode(W3CHttpResponseCodec.java:122)
	at org.openqa.selenium.remote.http.W3CHttpResponseCodec.decode(W3CHttpResponseCodec.java:49)
	at org.openqa.selenium.remote.HttpCommandExecutor.execute(HttpCommandExecutor.java:158)
	at org.openqa.selenium.remote.service.DriverCommandExecutor.execute(DriverCommandExecutor.java:83)
	at org.openqa.selenium.remote.RemoteWebDriver.execute(RemoteWebDriver.java:552)
	at org.openqa.selenium.remote.RemoteWebDriver.findElement(RemoteWebDriver.java:323)
	at org.openqa.selenium.remote.RemoteWebDriver.findElementByXPath(RemoteWebDriver.java:428)
	at org.openqa.selenium.By$ByXPath.findElement(By.java:353)
	at org.openqa.selenium.remote.RemoteWebDriver.findElement(RemoteWebDriver.java:315)
	at com.day10.testNGIntegration.SeleniumEasyPage.verifyInputFields(SeleniumEasyPage.java:87)
	at com.day10.testNGIntegration.SeleniumEasyTest.TC_03VerifyMultiInputField(SeleniumEasyTest.java:43)
... Removed 29 stack frames]]>
    </failure>
  </testcase> <!-- TC_03VerifyMultiInputField -->
  <testcase classname="com.day10.RedioButton.com.SeleniumRedioButtonTest" name="TC03VerifyGroupRedioButtonDemoField" time="0.504"/>
  <testcase classname="com.day11CheckBox.com.SeleniumCheckBoxTest" name="TC_03verifyResultOfSingleCheckBox" time="0.05"/>
  <testcase classname="com.day12.com.SeleniumEasyAlertTest" name="TC_04ClickButtonAndVerifyAlertTextAutoCloseWarning" time="0.241"/>
  <testcase classname="com.day11CheckBox.com.SeleniumCheckBoxTest" name="TC_04VerifyAndClickMultipleCheckBoxes" time="0.623"/>
  <testcase classname="com.day12.com.SeleniumEasyAlertTest" name="TC_05ClickButtonAndVerifyAlertTextNormalWarning" time="0.257"/>
  <testcase classname="com.day12.com.SeleniumEasyAlertTest" name="TC_06ClickButtonAndVerifyAlertTextAutoCloseDenger" time="0.176"/>
  <testcase classname="com.day12.com.SeleniumEasyAlertTest" name="TC_07ClickButtonAndVerifyAlertTextNormalDenger" time="0.16"/>
  <testcase classname="com.day12.com.SeleniumEasyAlertTest" name="TC_08ClickButtonAndVerifyAlertTextAutoCloseINFO" time="0.225"/>
  <testcase classname="com.day12.com.SeleniumEasyAlertTest" name="TC_09ClickButtonAndVerifyAlertTextNormalINFO" time="0.208"/>
</testsuite> <!-- Test -->
