<html>
<head>
<title>TestNG:  Test</title>
<link href="../testng.css" rel="stylesheet" type="text/css" />
<link href="../my-testng.css" rel="stylesheet" type="text/css" />

<style type="text/css">
.log { display: none;} 
.stack-trace { display: none;} 
</style>
<script type="text/javascript">
<!--
function flip(e) {
  current = e.style.display;
  if (current == 'block') {
    e.style.display = 'none';
    return 0;
  }
  else {
    e.style.display = 'block';
    return 1;
  }
}

function toggleBox(szDivId, elem, msg1, msg2)
{
  var res = -1;  if (document.getElementById) {
    res = flip(document.getElementById(szDivId));
  }
  else if (document.all) {
    // this is the way old msie versions work
    res = flip(document.all[szDivId]);
  }
  if(elem) {
    if(res == 0) elem.innerHTML = msg1; else elem.innerHTML = msg2;
  }

}

function toggleAllBoxes() {
  if (document.getElementsByTagName) {
    d = document.getElementsByTagName('div');
    for (i = 0; i < d.length; i++) {
      if (d[i].className == 'log') {
        flip(d[i]);
      }
    }
  }
}

// -->
</script>

</head>
<body>
<h2 align='center'>Test</h2><table border='1' align="center">
<tr>
<td>Tests passed/Failed/Skipped:</td><td>16/3/0</td>
</tr><tr>
<td>Started on:</td><td>Mon Aug 16 13:21:38 IST 2021</td>
</tr>
<tr><td>Total time:</td><td>71 seconds (71559 ms)</td>
</tr><tr>
<td>Included groups:</td><td></td>
</tr><tr>
<td>Excluded groups:</td><td></td>
</tr>
</table><p/>
<small><i>(Hover the method name to see the test class name)</i></small><p/>
<table width='100%' border='1' class='invocation-failed'>
<tr><td colspan='4' align='center'><b>FAILED TESTS</b></td></tr>
<tr><td><b>Test method</b></td>
<td width="30%"><b>Exception</b></td>
<td width="10%"><b>Time (seconds)</b></td>
<td><b>Instance</b></td>
</tr>
<tr>
<td title='com.day10.testNGIntegration.SeleniumEasyTest.TC_01VerifyDropdownClickOnValueAndInputDemoPageIsDisplayed()'><b>TC_01VerifyDropdownClickOnValueAndInputDemoPageIsDisplayed</b><br>Test class: com.day10.testNGIntegration.SeleniumEasyTest</td>
<td><div><pre>org.openqa.selenium.ElementClickInterceptedException: element click intercepted: Element &lt;a href=&quot;./basic-first-form-demo.html&quot;&gt;...&lt;/a&gt; is not clickable at point (305, 235). Other element would receive the click: &lt;div id=&quot;at-cv-lightbox-inner&quot;&gt;...&lt;/div&gt;
  (Session info: chrome=92.0.4515.131)
Build info: version: &apos;3.141.59&apos;, revision: &apos;e82be7d358&apos;, time: &apos;2018-11-14T08:17:03&apos;
System info: host: &apos;DESKTOP-RKOMUFV&apos;, ip: &apos;192.168.43.225&apos;, os.name: &apos;Windows 10&apos;, os.arch: &apos;amd64&apos;, os.version: &apos;10.0&apos;, java.version: &apos;16.0.2&apos;
Driver info: org.openqa.selenium.chrome.ChromeDriver
Capabilities {acceptInsecureCerts: false, browserName: chrome, browserVersion: 92.0.4515.131, chrome: {chromedriverVersion: 92.0.4515.43 (8c61b7e2989f2..., userDataDir: C:\Users\Admin\AppData\Loca...}, goog:chromeOptions: {debuggerAddress: localhost:56188}, javascriptEnabled: true, networkConnectionEnabled: false, pageLoadStrategy: normal, platform: WINDOWS, platformName: WINDOWS, proxy: Proxy(), setWindowRect: true, strictFileInteractability: false, timeouts: {implicit: 0, pageLoad: 300000, script: 30000}, unhandledPromptBehavior: dismiss and notify, webauthn:extension:credBlob: true, webauthn:extension:largeBlob: true, webauthn:virtualAuthenticators: true}
Session ID: 190fa3c7b603a9b9022048ad26bd4539
	at org.openqa.selenium.remote.http.W3CHttpResponseCodec.createException(W3CHttpResponseCodec.java:187)
	at org.openqa.selenium.remote.http.W3CHttpResponseCodec.decode(W3CHttpResponseCodec.java:122)
	at org.openqa.selenium.remote.http.W3CHttpResponseCodec.decode(W3CHttpResponseCodec.java:49)
	at org.openqa.selenium.remote.HttpCommandExecutor.execute(HttpCommandExecutor.java:158)
	at org.openqa.selenium.remote.service.DriverCommandExecutor.execute(DriverCommandExecutor.java:83)
	at org.openqa.selenium.remote.RemoteWebDriver.execute(RemoteWebDriver.java:552)
	at org.openqa.selenium.remote.RemoteWebElement.execute(RemoteWebElement.java:285)
	at org.openqa.selenium.remote.RemoteWebElement.click(RemoteWebElement.java:84)
	at com.day10.testNGIntegration.SeleniumEasyPage.getvaluesOfDropDown(SeleniumEasyPage.java:62)
	at com.day10.testNGIntegration.SeleniumEasyPage.getDropdownAndValues(SeleniumEasyPage.java:69)
	at com.day10.testNGIntegration.SeleniumEasyTest.TC_01VerifyDropdownClickOnValueAndInputDemoPageIsDisplayed(SeleniumEasyTest.java:27)
... Removed 29 stack frames</pre></div><a href='#' onClick='toggleBox("stack-trace673384643", this, "Click to show all stack frames", "Click to hide stack frames")'>Click to show all stack frames</a>
<div class='stack-trace' id='stack-trace673384643'><pre>org.openqa.selenium.ElementClickInterceptedException: element click intercepted: Element &lt;a href=&quot;./basic-first-form-demo.html&quot;&gt;...&lt;/a&gt; is not clickable at point (305, 235). Other element would receive the click: &lt;div id=&quot;at-cv-lightbox-inner&quot;&gt;...&lt;/div&gt;
  (Session info: chrome=92.0.4515.131)
Build info: version: &apos;3.141.59&apos;, revision: &apos;e82be7d358&apos;, time: &apos;2018-11-14T08:17:03&apos;
System info: host: &apos;DESKTOP-RKOMUFV&apos;, ip: &apos;192.168.43.225&apos;, os.name: &apos;Windows 10&apos;, os.arch: &apos;amd64&apos;, os.version: &apos;10.0&apos;, java.version: &apos;16.0.2&apos;
Driver info: org.openqa.selenium.chrome.ChromeDriver
Capabilities {acceptInsecureCerts: false, browserName: chrome, browserVersion: 92.0.4515.131, chrome: {chromedriverVersion: 92.0.4515.43 (8c61b7e2989f2..., userDataDir: C:\Users\Admin\AppData\Loca...}, goog:chromeOptions: {debuggerAddress: localhost:56188}, javascriptEnabled: true, networkConnectionEnabled: false, pageLoadStrategy: normal, platform: WINDOWS, platformName: WINDOWS, proxy: Proxy(), setWindowRect: true, strictFileInteractability: false, timeouts: {implicit: 0, pageLoad: 300000, script: 30000}, unhandledPromptBehavior: dismiss and notify, webauthn:extension:credBlob: true, webauthn:extension:largeBlob: true, webauthn:virtualAuthenticators: true}
Session ID: 190fa3c7b603a9b9022048ad26bd4539
	at java.base/jdk.internal.reflect.NativeConstructorAccessorImpl.newInstance0(Native Method)
	at java.base/jdk.internal.reflect.NativeConstructorAccessorImpl.newInstance(NativeConstructorAccessorImpl.java:78)
	at java.base/jdk.internal.reflect.DelegatingConstructorAccessorImpl.newInstance(DelegatingConstructorAccessorImpl.java:45)
	at java.base/java.lang.reflect.Constructor.newInstanceWithCaller(Constructor.java:499)
	at java.base/java.lang.reflect.Constructor.newInstance(Constructor.java:480)
	at org.openqa.selenium.remote.http.W3CHttpResponseCodec.createException(W3CHttpResponseCodec.java:187)
	at org.openqa.selenium.remote.http.W3CHttpResponseCodec.decode(W3CHttpResponseCodec.java:122)
	at org.openqa.selenium.remote.http.W3CHttpResponseCodec.decode(W3CHttpResponseCodec.java:49)
	at org.openqa.selenium.remote.HttpCommandExecutor.execute(HttpCommandExecutor.java:158)
	at org.openqa.selenium.remote.service.DriverCommandExecutor.execute(DriverCommandExecutor.java:83)
	at org.openqa.selenium.remote.RemoteWebDriver.execute(RemoteWebDriver.java:552)
	at org.openqa.selenium.remote.RemoteWebElement.execute(RemoteWebElement.java:285)
	at org.openqa.selenium.remote.RemoteWebElement.click(RemoteWebElement.java:84)
	at com.day10.testNGIntegration.SeleniumEasyPage.getvaluesOfDropDown(SeleniumEasyPage.java:62)
	at com.day10.testNGIntegration.SeleniumEasyPage.getDropdownAndValues(SeleniumEasyPage.java:69)
	at com.day10.testNGIntegration.SeleniumEasyTest.TC_01VerifyDropdownClickOnValueAndInputDemoPageIsDisplayed(SeleniumEasyTest.java:27)
	at java.base/jdk.internal.reflect.NativeMethodAccessorImpl.invoke0(Native Method)
	at java.base/jdk.internal.reflect.NativeMethodAccessorImpl.invoke(NativeMethodAccessorImpl.java:78)
	at java.base/jdk.internal.reflect.DelegatingMethodAccessorImpl.invoke(DelegatingMethodAccessorImpl.java:43)
	at java.base/java.lang.reflect.Method.invoke(Method.java:567)
	at org.testng.internal.MethodInvocationHelper.invokeMethod(MethodInvocationHelper.java:86)
	at org.testng.internal.Invoker.invokeMethod(Invoker.java:643)
	at org.testng.internal.Invoker.invokeTestMethod(Invoker.java:820)
	at org.testng.internal.Invoker.invokeTestMethods(Invoker.java:1128)
	at org.testng.internal.TestMethodWorker.invokeTestMethods(TestMethodWorker.java:129)
	at org.testng.internal.TestMethodWorker.run(TestMethodWorker.java:112)
	at org.testng.TestRunner.privateRun(TestRunner.java:782)
	at org.testng.TestRunner.run(TestRunner.java:632)
	at org.testng.SuiteRunner.runTest(SuiteRunner.java:366)
	at org.testng.SuiteRunner.runSequentially(SuiteRunner.java:361)
	at org.testng.SuiteRunner.privateRun(SuiteRunner.java:319)
	at org.testng.SuiteRunner.run(SuiteRunner.java:268)
	at org.testng.SuiteRunnerWorker.runSuite(SuiteRunnerWorker.java:52)
	at org.testng.SuiteRunnerWorker.run(SuiteRunnerWorker.java:86)
	at org.testng.TestNG.runSuitesSequentially(TestNG.java:1244)
	at org.testng.TestNG.runSuitesLocally(TestNG.java:1169)
	at org.testng.TestNG.run(TestNG.java:1064)
	at org.testng.remote.AbstractRemoteTestNG.run(AbstractRemoteTestNG.java:115)
	at org.testng.remote.RemoteTestNG.initAndRun(RemoteTestNG.java:251)
	at org.testng.remote.RemoteTestNG.main(RemoteTestNG.java:77)
</pre></div></td>
<td>1</td>
<td>com.day10.testNGIntegration.SeleniumEasyTest@1f9e9475</td></tr>
<tr>
<td title='com.day10.testNGIntegration.SeleniumEasyTest.TC_02VerifySingleInputField()'><b>TC_02VerifySingleInputField</b><br>Test class: com.day10.testNGIntegration.SeleniumEasyTest</td>
<td><div><pre>org.openqa.selenium.NoSuchElementException: no such element: Unable to locate element: {&quot;method&quot;:&quot;xpath&quot;,&quot;selector&quot;:&quot;//div[text()=&apos;Single Input Field&apos;]&quot;}
  (Session info: chrome=92.0.4515.131)
For documentation on this error, please visit: https://www.seleniumhq.org/exceptions/no_such_element.html
Build info: version: &apos;3.141.59&apos;, revision: &apos;e82be7d358&apos;, time: &apos;2018-11-14T08:17:03&apos;
System info: host: &apos;DESKTOP-RKOMUFV&apos;, ip: &apos;192.168.43.225&apos;, os.name: &apos;Windows 10&apos;, os.arch: &apos;amd64&apos;, os.version: &apos;10.0&apos;, java.version: &apos;16.0.2&apos;
Driver info: org.openqa.selenium.chrome.ChromeDriver
Capabilities {acceptInsecureCerts: false, browserName: chrome, browserVersion: 92.0.4515.131, chrome: {chromedriverVersion: 92.0.4515.43 (8c61b7e2989f2..., userDataDir: C:\Users\Admin\AppData\Loca...}, goog:chromeOptions: {debuggerAddress: localhost:56188}, javascriptEnabled: true, networkConnectionEnabled: false, pageLoadStrategy: normal, platform: WINDOWS, platformName: WINDOWS, proxy: Proxy(), setWindowRect: true, strictFileInteractability: false, timeouts: {implicit: 0, pageLoad: 300000, script: 30000}, unhandledPromptBehavior: dismiss and notify, webauthn:extension:credBlob: true, webauthn:extension:largeBlob: true, webauthn:virtualAuthenticators: true}
Session ID: 190fa3c7b603a9b9022048ad26bd4539
*** Element info: {Using=xpath, value=//div[text()=&apos;Single Input Field&apos;]}
	at org.openqa.selenium.remote.http.W3CHttpResponseCodec.createException(W3CHttpResponseCodec.java:187)
	at org.openqa.selenium.remote.http.W3CHttpResponseCodec.decode(W3CHttpResponseCodec.java:122)
	at org.openqa.selenium.remote.http.W3CHttpResponseCodec.decode(W3CHttpResponseCodec.java:49)
	at org.openqa.selenium.remote.HttpCommandExecutor.execute(HttpCommandExecutor.java:158)
	at org.openqa.selenium.remote.service.DriverCommandExecutor.execute(DriverCommandExecutor.java:83)
	at org.openqa.selenium.remote.RemoteWebDriver.execute(RemoteWebDriver.java:552)
	at org.openqa.selenium.remote.RemoteWebDriver.findElement(RemoteWebDriver.java:323)
	at org.openqa.selenium.remote.RemoteWebDriver.findElementByXPath(RemoteWebDriver.java:428)
	at org.openqa.selenium.By$ByXPath.findElement(By.java:353)
	at org.openqa.selenium.remote.RemoteWebDriver.findElement(RemoteWebDriver.java:315)
	at com.day10.testNGIntegration.SeleniumEasyPage.verifyInputFields(SeleniumEasyPage.java:87)
	at com.day10.testNGIntegration.SeleniumEasyTest.TC_02VerifySingleInputField(SeleniumEasyTest.java:34)
... Removed 29 stack frames</pre></div><a href='#' onClick='toggleBox("stack-trace602858680", this, "Click to show all stack frames", "Click to hide stack frames")'>Click to show all stack frames</a>
<div class='stack-trace' id='stack-trace602858680'><pre>org.openqa.selenium.NoSuchElementException: no such element: Unable to locate element: {&quot;method&quot;:&quot;xpath&quot;,&quot;selector&quot;:&quot;//div[text()=&apos;Single Input Field&apos;]&quot;}
  (Session info: chrome=92.0.4515.131)
For documentation on this error, please visit: https://www.seleniumhq.org/exceptions/no_such_element.html
Build info: version: &apos;3.141.59&apos;, revision: &apos;e82be7d358&apos;, time: &apos;2018-11-14T08:17:03&apos;
System info: host: &apos;DESKTOP-RKOMUFV&apos;, ip: &apos;192.168.43.225&apos;, os.name: &apos;Windows 10&apos;, os.arch: &apos;amd64&apos;, os.version: &apos;10.0&apos;, java.version: &apos;16.0.2&apos;
Driver info: org.openqa.selenium.chrome.ChromeDriver
Capabilities {acceptInsecureCerts: false, browserName: chrome, browserVersion: 92.0.4515.131, chrome: {chromedriverVersion: 92.0.4515.43 (8c61b7e2989f2..., userDataDir: C:\Users\Admin\AppData\Loca...}, goog:chromeOptions: {debuggerAddress: localhost:56188}, javascriptEnabled: true, networkConnectionEnabled: false, pageLoadStrategy: normal, platform: WINDOWS, platformName: WINDOWS, proxy: Proxy(), setWindowRect: true, strictFileInteractability: false, timeouts: {implicit: 0, pageLoad: 300000, script: 30000}, unhandledPromptBehavior: dismiss and notify, webauthn:extension:credBlob: true, webauthn:extension:largeBlob: true, webauthn:virtualAuthenticators: true}
Session ID: 190fa3c7b603a9b9022048ad26bd4539
*** Element info: {Using=xpath, value=//div[text()=&apos;Single Input Field&apos;]}
	at java.base/jdk.internal.reflect.NativeConstructorAccessorImpl.newInstance0(Native Method)
	at java.base/jdk.internal.reflect.NativeConstructorAccessorImpl.newInstance(NativeConstructorAccessorImpl.java:78)
	at java.base/jdk.internal.reflect.DelegatingConstructorAccessorImpl.newInstance(DelegatingConstructorAccessorImpl.java:45)
	at java.base/java.lang.reflect.Constructor.newInstanceWithCaller(Constructor.java:499)
	at java.base/java.lang.reflect.Constructor.newInstance(Constructor.java:480)
	at org.openqa.selenium.remote.http.W3CHttpResponseCodec.createException(W3CHttpResponseCodec.java:187)
	at org.openqa.selenium.remote.http.W3CHttpResponseCodec.decode(W3CHttpResponseCodec.java:122)
	at org.openqa.selenium.remote.http.W3CHttpResponseCodec.decode(W3CHttpResponseCodec.java:49)
	at org.openqa.selenium.remote.HttpCommandExecutor.execute(HttpCommandExecutor.java:158)
	at org.openqa.selenium.remote.service.DriverCommandExecutor.execute(DriverCommandExecutor.java:83)
	at org.openqa.selenium.remote.RemoteWebDriver.execute(RemoteWebDriver.java:552)
	at org.openqa.selenium.remote.RemoteWebDriver.findElement(RemoteWebDriver.java:323)
	at org.openqa.selenium.remote.RemoteWebDriver.findElementByXPath(RemoteWebDriver.java:428)
	at org.openqa.selenium.By$ByXPath.findElement(By.java:353)
	at org.openqa.selenium.remote.RemoteWebDriver.findElement(RemoteWebDriver.java:315)
	at com.day10.testNGIntegration.SeleniumEasyPage.verifyInputFields(SeleniumEasyPage.java:87)
	at com.day10.testNGIntegration.SeleniumEasyTest.TC_02VerifySingleInputField(SeleniumEasyTest.java:34)
	at java.base/jdk.internal.reflect.NativeMethodAccessorImpl.invoke0(Native Method)
	at java.base/jdk.internal.reflect.NativeMethodAccessorImpl.invoke(NativeMethodAccessorImpl.java:78)
	at java.base/jdk.internal.reflect.DelegatingMethodAccessorImpl.invoke(DelegatingMethodAccessorImpl.java:43)
	at java.base/java.lang.reflect.Method.invoke(Method.java:567)
	at org.testng.internal.MethodInvocationHelper.invokeMethod(MethodInvocationHelper.java:86)
	at org.testng.internal.Invoker.invokeMethod(Invoker.java:643)
	at org.testng.internal.Invoker.invokeTestMethod(Invoker.java:820)
	at org.testng.internal.Invoker.invokeTestMethods(Invoker.java:1128)
	at org.testng.internal.TestMethodWorker.invokeTestMethods(TestMethodWorker.java:129)
	at org.testng.internal.TestMethodWorker.run(TestMethodWorker.java:112)
	at org.testng.TestRunner.privateRun(TestRunner.java:782)
	at org.testng.TestRunner.run(TestRunner.java:632)
	at org.testng.SuiteRunner.runTest(SuiteRunner.java:366)
	at org.testng.SuiteRunner.runSequentially(SuiteRunner.java:361)
	at org.testng.SuiteRunner.privateRun(SuiteRunner.java:319)
	at org.testng.SuiteRunner.run(SuiteRunner.java:268)
	at org.testng.SuiteRunnerWorker.runSuite(SuiteRunnerWorker.java:52)
	at org.testng.SuiteRunnerWorker.run(SuiteRunnerWorker.java:86)
	at org.testng.TestNG.runSuitesSequentially(TestNG.java:1244)
	at org.testng.TestNG.runSuitesLocally(TestNG.java:1169)
	at org.testng.TestNG.run(TestNG.java:1064)
	at org.testng.remote.AbstractRemoteTestNG.run(AbstractRemoteTestNG.java:115)
	at org.testng.remote.RemoteTestNG.initAndRun(RemoteTestNG.java:251)
	at org.testng.remote.RemoteTestNG.main(RemoteTestNG.java:77)
</pre></div></td>
<td>10</td>
<td>com.day10.testNGIntegration.SeleniumEasyTest@1f9e9475</td></tr>
<tr>
<td title='com.day10.testNGIntegration.SeleniumEasyTest.TC_03VerifyMultiInputField()'><b>TC_03VerifyMultiInputField</b><br>Test class: com.day10.testNGIntegration.SeleniumEasyTest</td>
<td><div><pre>org.openqa.selenium.NoSuchElementException: no such element: Unable to locate element: {&quot;method&quot;:&quot;xpath&quot;,&quot;selector&quot;:&quot;//div[text()=&apos;Two Input Fields&apos;]&quot;}
  (Session info: chrome=92.0.4515.131)
For documentation on this error, please visit: https://www.seleniumhq.org/exceptions/no_such_element.html
Build info: version: &apos;3.141.59&apos;, revision: &apos;e82be7d358&apos;, time: &apos;2018-11-14T08:17:03&apos;
System info: host: &apos;DESKTOP-RKOMUFV&apos;, ip: &apos;192.168.43.225&apos;, os.name: &apos;Windows 10&apos;, os.arch: &apos;amd64&apos;, os.version: &apos;10.0&apos;, java.version: &apos;16.0.2&apos;
Driver info: org.openqa.selenium.chrome.ChromeDriver
Capabilities {acceptInsecureCerts: false, browserName: chrome, browserVersion: 92.0.4515.131, chrome: {chromedriverVersion: 92.0.4515.43 (8c61b7e2989f2..., userDataDir: C:\Users\Admin\AppData\Loca...}, goog:chromeOptions: {debuggerAddress: localhost:56188}, javascriptEnabled: true, networkConnectionEnabled: false, pageLoadStrategy: normal, platform: WINDOWS, platformName: WINDOWS, proxy: Proxy(), setWindowRect: true, strictFileInteractability: false, timeouts: {implicit: 0, pageLoad: 300000, script: 30000}, unhandledPromptBehavior: dismiss and notify, webauthn:extension:credBlob: true, webauthn:extension:largeBlob: true, webauthn:virtualAuthenticators: true}
Session ID: 190fa3c7b603a9b9022048ad26bd4539
*** Element info: {Using=xpath, value=//div[text()=&apos;Two Input Fields&apos;]}
	at org.openqa.selenium.remote.http.W3CHttpResponseCodec.createException(W3CHttpResponseCodec.java:187)
	at org.openqa.selenium.remote.http.W3CHttpResponseCodec.decode(W3CHttpResponseCodec.java:122)
	at org.openqa.selenium.remote.http.W3CHttpResponseCodec.decode(W3CHttpResponseCodec.java:49)
	at org.openqa.selenium.remote.HttpCommandExecutor.execute(HttpCommandExecutor.java:158)
	at org.openqa.selenium.remote.service.DriverCommandExecutor.execute(DriverCommandExecutor.java:83)
	at org.openqa.selenium.remote.RemoteWebDriver.execute(RemoteWebDriver.java:552)
	at org.openqa.selenium.remote.RemoteWebDriver.findElement(RemoteWebDriver.java:323)
	at org.openqa.selenium.remote.RemoteWebDriver.findElementByXPath(RemoteWebDriver.java:428)
	at org.openqa.selenium.By$ByXPath.findElement(By.java:353)
	at org.openqa.selenium.remote.RemoteWebDriver.findElement(RemoteWebDriver.java:315)
	at com.day10.testNGIntegration.SeleniumEasyPage.verifyInputFields(SeleniumEasyPage.java:87)
	at com.day10.testNGIntegration.SeleniumEasyTest.TC_03VerifyMultiInputField(SeleniumEasyTest.java:43)
... Removed 29 stack frames</pre></div><a href='#' onClick='toggleBox("stack-trace491152599", this, "Click to show all stack frames", "Click to hide stack frames")'>Click to show all stack frames</a>
<div class='stack-trace' id='stack-trace491152599'><pre>org.openqa.selenium.NoSuchElementException: no such element: Unable to locate element: {&quot;method&quot;:&quot;xpath&quot;,&quot;selector&quot;:&quot;//div[text()=&apos;Two Input Fields&apos;]&quot;}
  (Session info: chrome=92.0.4515.131)
For documentation on this error, please visit: https://www.seleniumhq.org/exceptions/no_such_element.html
Build info: version: &apos;3.141.59&apos;, revision: &apos;e82be7d358&apos;, time: &apos;2018-11-14T08:17:03&apos;
System info: host: &apos;DESKTOP-RKOMUFV&apos;, ip: &apos;192.168.43.225&apos;, os.name: &apos;Windows 10&apos;, os.arch: &apos;amd64&apos;, os.version: &apos;10.0&apos;, java.version: &apos;16.0.2&apos;
Driver info: org.openqa.selenium.chrome.ChromeDriver
Capabilities {acceptInsecureCerts: false, browserName: chrome, browserVersion: 92.0.4515.131, chrome: {chromedriverVersion: 92.0.4515.43 (8c61b7e2989f2..., userDataDir: C:\Users\Admin\AppData\Loca...}, goog:chromeOptions: {debuggerAddress: localhost:56188}, javascriptEnabled: true, networkConnectionEnabled: false, pageLoadStrategy: normal, platform: WINDOWS, platformName: WINDOWS, proxy: Proxy(), setWindowRect: true, strictFileInteractability: false, timeouts: {implicit: 0, pageLoad: 300000, script: 30000}, unhandledPromptBehavior: dismiss and notify, webauthn:extension:credBlob: true, webauthn:extension:largeBlob: true, webauthn:virtualAuthenticators: true}
Session ID: 190fa3c7b603a9b9022048ad26bd4539
*** Element info: {Using=xpath, value=//div[text()=&apos;Two Input Fields&apos;]}
	at java.base/jdk.internal.reflect.NativeConstructorAccessorImpl.newInstance0(Native Method)
	at java.base/jdk.internal.reflect.NativeConstructorAccessorImpl.newInstance(NativeConstructorAccessorImpl.java:78)
	at java.base/jdk.internal.reflect.DelegatingConstructorAccessorImpl.newInstance(DelegatingConstructorAccessorImpl.java:45)
	at java.base/java.lang.reflect.Constructor.newInstanceWithCaller(Constructor.java:499)
	at java.base/java.lang.reflect.Constructor.newInstance(Constructor.java:480)
	at org.openqa.selenium.remote.http.W3CHttpResponseCodec.createException(W3CHttpResponseCodec.java:187)
	at org.openqa.selenium.remote.http.W3CHttpResponseCodec.decode(W3CHttpResponseCodec.java:122)
	at org.openqa.selenium.remote.http.W3CHttpResponseCodec.decode(W3CHttpResponseCodec.java:49)
	at org.openqa.selenium.remote.HttpCommandExecutor.execute(HttpCommandExecutor.java:158)
	at org.openqa.selenium.remote.service.DriverCommandExecutor.execute(DriverCommandExecutor.java:83)
	at org.openqa.selenium.remote.RemoteWebDriver.execute(RemoteWebDriver.java:552)
	at org.openqa.selenium.remote.RemoteWebDriver.findElement(RemoteWebDriver.java:323)
	at org.openqa.selenium.remote.RemoteWebDriver.findElementByXPath(RemoteWebDriver.java:428)
	at org.openqa.selenium.By$ByXPath.findElement(By.java:353)
	at org.openqa.selenium.remote.RemoteWebDriver.findElement(RemoteWebDriver.java:315)
	at com.day10.testNGIntegration.SeleniumEasyPage.verifyInputFields(SeleniumEasyPage.java:87)
	at com.day10.testNGIntegration.SeleniumEasyTest.TC_03VerifyMultiInputField(SeleniumEasyTest.java:43)
	at java.base/jdk.internal.reflect.NativeMethodAccessorImpl.invoke0(Native Method)
	at java.base/jdk.internal.reflect.NativeMethodAccessorImpl.invoke(NativeMethodAccessorImpl.java:78)
	at java.base/jdk.internal.reflect.DelegatingMethodAccessorImpl.invoke(DelegatingMethodAccessorImpl.java:43)
	at java.base/java.lang.reflect.Method.invoke(Method.java:567)
	at org.testng.internal.MethodInvocationHelper.invokeMethod(MethodInvocationHelper.java:86)
	at org.testng.internal.Invoker.invokeMethod(Invoker.java:643)
	at org.testng.internal.Invoker.invokeTestMethod(Invoker.java:820)
	at org.testng.internal.Invoker.invokeTestMethods(Invoker.java:1128)
	at org.testng.internal.TestMethodWorker.invokeTestMethods(TestMethodWorker.java:129)
	at org.testng.internal.TestMethodWorker.run(TestMethodWorker.java:112)
	at org.testng.TestRunner.privateRun(TestRunner.java:782)
	at org.testng.TestRunner.run(TestRunner.java:632)
	at org.testng.SuiteRunner.runTest(SuiteRunner.java:366)
	at org.testng.SuiteRunner.runSequentially(SuiteRunner.java:361)
	at org.testng.SuiteRunner.privateRun(SuiteRunner.java:319)
	at org.testng.SuiteRunner.run(SuiteRunner.java:268)
	at org.testng.SuiteRunnerWorker.runSuite(SuiteRunnerWorker.java:52)
	at org.testng.SuiteRunnerWorker.run(SuiteRunnerWorker.java:86)
	at org.testng.TestNG.runSuitesSequentially(TestNG.java:1244)
	at org.testng.TestNG.runSuitesLocally(TestNG.java:1169)
	at org.testng.TestNG.run(TestNG.java:1064)
	at org.testng.remote.AbstractRemoteTestNG.run(AbstractRemoteTestNG.java:115)
	at org.testng.remote.RemoteTestNG.initAndRun(RemoteTestNG.java:251)
	at org.testng.remote.RemoteTestNG.main(RemoteTestNG.java:77)
</pre></div></td>
<td>10</td>
<td>com.day10.testNGIntegration.SeleniumEasyTest@1f9e9475</td></tr>
</table><p>
<table width='100%' border='1' class='invocation-passed'>
<tr><td colspan='4' align='center'><b>PASSED TESTS</b></td></tr>
<tr><td><b>Test method</b></td>
<td width="30%"><b>Exception</b></td>
<td width="10%"><b>Time (seconds)</b></td>
<td><b>Instance</b></td>
</tr>
<tr>
<td title='com.day10.RedioButton.com.SeleniumRedioButtonTest.TC03VerifyGroupRedioButtonDemoField()'><b>TC03VerifyGroupRedioButtonDemoField</b><br>Test class: com.day10.RedioButton.com.SeleniumRedioButtonTest</td>
<td></td>
<td>0</td>
<td>com.day10.RedioButton.com.SeleniumRedioButtonTest@3aa078fd</td></tr>
<tr>
<td title='com.day11CheckBox.com.SeleniumCheckBoxTest.TC_01CheckBoxPageHeaderTextIsDisplayed()'><b>TC_01CheckBoxPageHeaderTextIsDisplayed</b><br>Test class: com.day11CheckBox.com.SeleniumCheckBoxTest</td>
<td></td>
<td>0</td>
<td>com.day11CheckBox.com.SeleniumCheckBoxTest@d23e042</td></tr>
<tr>
<td title='com.day10.RedioButton.com.SeleniumRedioButtonTest.TC_01VerifyHeaderofRedioButtonDemoPage()'><b>TC_01VerifyHeaderofRedioButtonDemoPage</b><br>Test class: com.day10.RedioButton.com.SeleniumRedioButtonTest</td>
<td></td>
<td>0</td>
<td>com.day10.RedioButton.com.SeleniumRedioButtonTest@3aa078fd</td></tr>
<tr>
<td title='com.day12.com.SeleniumEasyAlertTest.TC_01verifyDropdownClickValueAndPageIsDesplayed()'><b>TC_01verifyDropdownClickValueAndPageIsDesplayed</b><br>Test class: com.day12.com.SeleniumEasyAlertTest</td>
<td></td>
<td>1</td>
<td>com.day12.com.SeleniumEasyAlertTest@169bb4dd</td></tr>
<tr>
<td title='com.day12.com.SeleniumEasyAlertTest.TC_02ClickButtonAndVerifyAlertTextAutoCloseSuccess()'><b>TC_02ClickButtonAndVerifyAlertTextAutoCloseSuccess</b><br>Test class: com.day12.com.SeleniumEasyAlertTest</td>
<td></td>
<td>0</td>
<td>com.day12.com.SeleniumEasyAlertTest@169bb4dd</td></tr>
<tr>
<td title='com.day11CheckBox.com.SeleniumCheckBoxTest.TC_02VerifyAndClickSingleCheckBox()'><b>TC_02VerifyAndClickSingleCheckBox</b><br>Test class: com.day11CheckBox.com.SeleniumCheckBoxTest</td>
<td></td>
<td>0</td>
<td>com.day11CheckBox.com.SeleniumCheckBoxTest@d23e042</td></tr>
<tr>
<td title='com.day10.RedioButton.com.SeleniumRedioButtonTest.TC_02VerifyRedioButtonDemoField()'><b>TC_02VerifyRedioButtonDemoField</b><br>Test class: com.day10.RedioButton.com.SeleniumRedioButtonTest</td>
<td></td>
<td>0</td>
<td>com.day10.RedioButton.com.SeleniumRedioButtonTest@3aa078fd</td></tr>
<tr>
<td title='com.day12.com.SeleniumEasyAlertTest.TC_03ClickButtonAndVerifyAlertTextNormalSuccess()'><b>TC_03ClickButtonAndVerifyAlertTextNormalSuccess</b><br>Test class: com.day12.com.SeleniumEasyAlertTest</td>
<td></td>
<td>0</td>
<td>com.day12.com.SeleniumEasyAlertTest@169bb4dd</td></tr>
<tr>
<td title='com.day11CheckBox.com.SeleniumCheckBoxTest.TC_03verifyResultOfSingleCheckBox()'><b>TC_03verifyResultOfSingleCheckBox</b><br>Test class: com.day11CheckBox.com.SeleniumCheckBoxTest</td>
<td></td>
<td>0</td>
<td>com.day11CheckBox.com.SeleniumCheckBoxTest@d23e042</td></tr>
<tr>
<td title='com.day12.com.SeleniumEasyAlertTest.TC_04ClickButtonAndVerifyAlertTextAutoCloseWarning()'><b>TC_04ClickButtonAndVerifyAlertTextAutoCloseWarning</b><br>Test class: com.day12.com.SeleniumEasyAlertTest</td>
<td></td>
<td>0</td>
<td>com.day12.com.SeleniumEasyAlertTest@169bb4dd</td></tr>
<tr>
<td title='com.day11CheckBox.com.SeleniumCheckBoxTest.TC_04VerifyAndClickMultipleCheckBoxes()'><b>TC_04VerifyAndClickMultipleCheckBoxes</b><br>Test class: com.day11CheckBox.com.SeleniumCheckBoxTest</td>
<td></td>
<td>0</td>
<td>com.day11CheckBox.com.SeleniumCheckBoxTest@d23e042</td></tr>
<tr>
<td title='com.day12.com.SeleniumEasyAlertTest.TC_05ClickButtonAndVerifyAlertTextNormalWarning()'><b>TC_05ClickButtonAndVerifyAlertTextNormalWarning</b><br>Test class: com.day12.com.SeleniumEasyAlertTest</td>
<td></td>
<td>0</td>
<td>com.day12.com.SeleniumEasyAlertTest@169bb4dd</td></tr>
<tr>
<td title='com.day12.com.SeleniumEasyAlertTest.TC_06ClickButtonAndVerifyAlertTextAutoCloseDenger()'><b>TC_06ClickButtonAndVerifyAlertTextAutoCloseDenger</b><br>Test class: com.day12.com.SeleniumEasyAlertTest</td>
<td></td>
<td>0</td>
<td>com.day12.com.SeleniumEasyAlertTest@169bb4dd</td></tr>
<tr>
<td title='com.day12.com.SeleniumEasyAlertTest.TC_07ClickButtonAndVerifyAlertTextNormalDenger()'><b>TC_07ClickButtonAndVerifyAlertTextNormalDenger</b><br>Test class: com.day12.com.SeleniumEasyAlertTest</td>
<td></td>
<td>0</td>
<td>com.day12.com.SeleniumEasyAlertTest@169bb4dd</td></tr>
<tr>
<td title='com.day12.com.SeleniumEasyAlertTest.TC_08ClickButtonAndVerifyAlertTextAutoCloseINFO()'><b>TC_08ClickButtonAndVerifyAlertTextAutoCloseINFO</b><br>Test class: com.day12.com.SeleniumEasyAlertTest</td>
<td></td>
<td>0</td>
<td>com.day12.com.SeleniumEasyAlertTest@169bb4dd</td></tr>
<tr>
<td title='com.day12.com.SeleniumEasyAlertTest.TC_09ClickButtonAndVerifyAlertTextNormalINFO()'><b>TC_09ClickButtonAndVerifyAlertTextNormalINFO</b><br>Test class: com.day12.com.SeleniumEasyAlertTest</td>
<td></td>
<td>0</td>
<td>com.day12.com.SeleniumEasyAlertTest@169bb4dd</td></tr>
</table><p>
</body>
</html>