<!DOCTYPE html PUBLIC "-//W3C//DTD XHTML 1.1//EN" "http://www.w3.org/TR/xhtml11/DTD/xhtml11.dtd">
<html xmlns="http://www.w3.org/1999/xhtml"><head><title>TestNG Report</title><style type="text/css">table {margin-bottom:10px;border-collapse:collapse;empty-cells:show}th,td {border:1px solid #009;padding:.25em .5em}th {vertical-align:bottom}td {vertical-align:top}table a {font-weight:bold}.stripe td {background-color: #E6EBF9}.num {text-align:right}.passedodd td {background-color: #3F3}.passedeven td {background-color: #0A0}.skippedodd td {background-color: #DDD}.skippedeven td {background-color: #CCC}.failedodd td,.attn {background-color: #F33}.failedeven td,.stripe .attn {background-color: #D00}.stacktrace {white-space:pre;font-family:monospace}.totop {font-size:85%;text-align:center;border-bottom:2px solid #000}</style></head><body><table><tr><th>Test</th><th># Passed</th><th># Skipped</th><th># Failed</th><th>Time (ms)</th><th>Included Groups</th><th>Excluded Groups</th></tr><tr><th colspan="7">Suite</th></tr><tr><td><a href="#t0">Test</a></td><td class="num">16</td><td class="num">0</td><td class="num attn">3</td><td class="num">71,559</td><td></td><td></td></tr></table><table><thead><tr><th>Class</th><th>Method</th><th>Start</th><th>Time (ms)</th></tr></thead><tbody><tr><th colspan="4">Suite</th></tr></tbody><tbody id="t0"><tr><th colspan="4">Test &#8212; failed</th></tr><tr class="failedeven"><td rowspan="3">com.day10.testNGIntegration.SeleniumEasyTest</td><td><a href="#m0">TC_01VerifyDropdownClickOnValueAndInputDemoPageIsDisplayed</a></td><td rowspan="1">1629100319840</td><td rowspan="1">1685</td></tr><tr class="failedeven"><td><a href="#m1">TC_02VerifySingleInputField</a></td><td rowspan="1">1629100344225</td><td rowspan="1">10045</td></tr><tr class="failedeven"><td><a href="#m2">TC_03VerifyMultiInputField</a></td><td rowspan="1">1629100354989</td><td rowspan="1">10063</td></tr><tr><th colspan="4">Test &#8212; passed</th></tr><tr class="passedeven"><td rowspan="3">com.day10.RedioButton.com.SeleniumRedioButtonTest</td><td><a href="#m3">TC03VerifyGroupRedioButtonDemoField</a></td><td rowspan="1">1629100366080</td><td rowspan="1">504</td></tr><tr class="passedeven"><td><a href="#m4">TC_01VerifyHeaderofRedioButtonDemoPage</a></td><td rowspan="1">1629100330577</td><td rowspan="1">87</td></tr><tr class="passedeven"><td><a href="#m5">TC_02VerifyRedioButtonDemoField</a></td><td rowspan="1">1629100354273</td><td rowspan="1">348</td></tr><tr class="passedodd"><td rowspan="4">com.day11CheckBox.com.SeleniumCheckBoxTest</td><td><a href="#m6">TC_01CheckBoxPageHeaderTextIsDisplayed</a></td><td rowspan="1">1629100343953</td><td rowspan="1">84</td></tr><tr class="passedodd"><td><a href="#m7">TC_02VerifyAndClickSingleCheckBox</a></td><td rowspan="1">1629100354622</td><td rowspan="1">212</td></tr><tr class="passedodd"><td><a href="#m8">TC_03verifyResultOfSingleCheckBox</a></td><td rowspan="1">1629100366585</td><td rowspan="1">50</td></tr><tr class="passedodd"><td><a href="#m9">TC_04VerifyAndClickMultipleCheckBoxes</a></td><td rowspan="1">1629100366878</td><td rowspan="1">623</td></tr><tr class="passedeven"><td rowspan="9">com.day12.com.SeleniumEasyAlertTest</td><td><a href="#m10">TC_01verifyDropdownClickValueAndPageIsDesplayed</a></td><td rowspan="1">1629100308409</td><td rowspan="1">1863</td></tr><tr class="passedeven"><td><a href="#m11">TC_02ClickButtonAndVerifyAlertTextAutoCloseSuccess</a></td><td rowspan="1">1629100344039</td><td rowspan="1">184</td></tr><tr class="passedeven"><td><a href="#m12">TC_03ClickButtonAndVerifyAlertTextNormalSuccess</a></td><td rowspan="1">1629100354839</td><td rowspan="1">149</td></tr><tr class="passedeven"><td><a href="#m13">TC_04ClickButtonAndVerifyAlertTextAutoCloseWarning</a></td><td rowspan="1">1629100366636</td><td rowspan="1">241</td></tr><tr class="passedeven"><td><a href="#m14">TC_05ClickButtonAndVerifyAlertTextNormalWarning</a></td><td rowspan="1">1629100367502</td><td rowspan="1">257</td></tr><tr class="passedeven"><td><a href="#m15">TC_06ClickButtonAndVerifyAlertTextAutoCloseDenger</a></td><td rowspan="1">1629100367760</td><td rowspan="1">176</td></tr><tr class="passedeven"><td><a href="#m16">TC_07ClickButtonAndVerifyAlertTextNormalDenger</a></td><td rowspan="1">1629100367937</td><td rowspan="1">160</td></tr><tr class="passedeven"><td><a href="#m17">TC_08ClickButtonAndVerifyAlertTextAutoCloseINFO</a></td><td rowspan="1">1629100368098</td><td rowspan="1">225</td></tr><tr class="passedeven"><td><a href="#m18">TC_09ClickButtonAndVerifyAlertTextNormalINFO</a></td><td rowspan="1">1629100368324</td><td rowspan="1">208</td></tr></tbody></table><h2>Test</h2><h3 id="m0">com.day10.testNGIntegration.SeleniumEasyTest#TC_01VerifyDropdownClickOnValueAndInputDemoPageIsDisplayed</h3><table class="result"><tr><th>Exception</th></tr><tr><td><div class="stacktrace">org.openqa.selenium.ElementClickInterceptedException: element click intercepted: Element &lt;a href=&quot;./basic-first-form-demo.html&quot;&gt;...&lt;/a&gt; is not clickable at point (305, 235). Other element would receive the click: &lt;div id=&quot;at-cv-lightbox-inner&quot;&gt;...&lt;/div&gt;
  (Session info: chrome=92.0.4515.131)
Build info: version: &apos;3.141.59&apos;, revision: &apos;e82be7d358&apos;, time: &apos;2018-11-14T08:17:03&apos;
System info: host: &apos;DESKTOP-RKOMUFV&apos;, ip: &apos;192.168.43.225&apos;, os.name: &apos;Windows 10&apos;, os.arch: &apos;amd64&apos;, os.version: &apos;10.0&apos;, java.version: &apos;16.0.2&apos;
Driver info: org.openqa.selenium.chrome.ChromeDriver
Capabilities {acceptInsecureCerts: false, browserName: chrome, browserVersion: 92.0.4515.131, chrome: {chromedriverVersion: 92.0.4515.43 (8c61b7e2989f2..., userDataDir: C:\Users\Admin\AppData\Loca...}, goog:chromeOptions: {debuggerAddress: localhost:56188}, javascriptEnabled: true, networkConnectionEnabled: false, pageLoadStrategy: normal, platform: WINDOWS, platformName: WINDOWS, proxy: Proxy(), setWindowRect: true, strictFileInteractability: false, timeouts: {implicit: 0, pageLoad: 300000, script: 30000}, unhandledPromptBehavior: dismiss and notify, webauthn:extension:credBlob: true, webauthn:extension:largeBlob: true, webauthn:virtualAuthenticators: true}
Session ID: 190fa3c7b603a9b9022048ad26bd4539
	at org.openqa.selenium.remote.http.W3CHttpResponseCodec.createException(W3CHttpResponseCodec.java:187)
	at org.openqa.selenium.remote.http.W3CHttpResponseCodec.decode(W3CHttpResponseCodec.java:122)
	at org.openqa.selenium.remote.http.W3CHttpResponseCodec.decode(W3CHttpResponseCodec.java:49)
	at org.openqa.selenium.remote.HttpCommandExecutor.execute(HttpCommandExecutor.java:158)
	at org.openqa.selenium.remote.service.DriverCommandExecutor.execute(DriverCommandExecutor.java:83)
	at org.openqa.selenium.remote.RemoteWebDriver.execute(RemoteWebDriver.java:552)
	at org.openqa.selenium.remote.RemoteWebElement.execute(RemoteWebElement.java:285)
	at org.openqa.selenium.remote.RemoteWebElement.click(RemoteWebElement.java:84)
	at com.day10.testNGIntegration.SeleniumEasyPage.getvaluesOfDropDown(SeleniumEasyPage.java:62)
	at com.day10.testNGIntegration.SeleniumEasyPage.getDropdownAndValues(SeleniumEasyPage.java:69)
	at com.day10.testNGIntegration.SeleniumEasyTest.TC_01VerifyDropdownClickOnValueAndInputDemoPageIsDisplayed(SeleniumEasyTest.java:27)
... Removed 29 stack frames</div></td></tr></table><p class="totop"><a href="#summary">back to summary</a></p><h3 id="m1">com.day10.testNGIntegration.SeleniumEasyTest#TC_02VerifySingleInputField</h3><table class="result"><tr><th>Exception</th></tr><tr><td><div class="stacktrace">org.openqa.selenium.NoSuchElementException: no such element: Unable to locate element: {&quot;method&quot;:&quot;xpath&quot;,&quot;selector&quot;:&quot;//div[text()=&apos;Single Input Field&apos;]&quot;}
  (Session info: chrome=92.0.4515.131)
For documentation on this error, please visit: https://www.seleniumhq.org/exceptions/no_such_element.html
Build info: version: &apos;3.141.59&apos;, revision: &apos;e82be7d358&apos;, time: &apos;2018-11-14T08:17:03&apos;
System info: host: &apos;DESKTOP-RKOMUFV&apos;, ip: &apos;192.168.43.225&apos;, os.name: &apos;Windows 10&apos;, os.arch: &apos;amd64&apos;, os.version: &apos;10.0&apos;, java.version: &apos;16.0.2&apos;
Driver info: org.openqa.selenium.chrome.ChromeDriver
Capabilities {acceptInsecureCerts: false, browserName: chrome, browserVersion: 92.0.4515.131, chrome: {chromedriverVersion: 92.0.4515.43 (8c61b7e2989f2..., userDataDir: C:\Users\Admin\AppData\Loca...}, goog:chromeOptions: {debuggerAddress: localhost:56188}, javascriptEnabled: true, networkConnectionEnabled: false, pageLoadStrategy: normal, platform: WINDOWS, platformName: WINDOWS, proxy: Proxy(), setWindowRect: true, strictFileInteractability: false, timeouts: {implicit: 0, pageLoad: 300000, script: 30000}, unhandledPromptBehavior: dismiss and notify, webauthn:extension:credBlob: true, webauthn:extension:largeBlob: true, webauthn:virtualAuthenticators: true}
Session ID: 190fa3c7b603a9b9022048ad26bd4539
*** Element info: {Using=xpath, value=//div[text()=&apos;Single Input Field&apos;]}
	at org.openqa.selenium.remote.http.W3CHttpResponseCodec.createException(W3CHttpResponseCodec.java:187)
	at org.openqa.selenium.remote.http.W3CHttpResponseCodec.decode(W3CHttpResponseCodec.java:122)
	at org.openqa.selenium.remote.http.W3CHttpResponseCodec.decode(W3CHttpResponseCodec.java:49)
	at org.openqa.selenium.remote.HttpCommandExecutor.execute(HttpCommandExecutor.java:158)
	at org.openqa.selenium.remote.service.DriverCommandExecutor.execute(DriverCommandExecutor.java:83)
	at org.openqa.selenium.remote.RemoteWebDriver.execute(RemoteWebDriver.java:552)
	at org.openqa.selenium.remote.RemoteWebDriver.findElement(RemoteWebDriver.java:323)
	at org.openqa.selenium.remote.RemoteWebDriver.findElementByXPath(RemoteWebDriver.java:428)
	at org.openqa.selenium.By$ByXPath.findElement(By.java:353)
	at org.openqa.selenium.remote.RemoteWebDriver.findElement(RemoteWebDriver.java:315)
	at com.day10.testNGIntegration.SeleniumEasyPage.verifyInputFields(SeleniumEasyPage.java:87)
	at com.day10.testNGIntegration.SeleniumEasyTest.TC_02VerifySingleInputField(SeleniumEasyTest.java:34)
... Removed 29 stack frames</div></td></tr></table><p class="totop"><a href="#summary">back to summary</a></p><h3 id="m2">com.day10.testNGIntegration.SeleniumEasyTest#TC_03VerifyMultiInputField</h3><table class="result"><tr><th>Exception</th></tr><tr><td><div class="stacktrace">org.openqa.selenium.NoSuchElementException: no such element: Unable to locate element: {&quot;method&quot;:&quot;xpath&quot;,&quot;selector&quot;:&quot;//div[text()=&apos;Two Input Fields&apos;]&quot;}
  (Session info: chrome=92.0.4515.131)
For documentation on this error, please visit: https://www.seleniumhq.org/exceptions/no_such_element.html
Build info: version: &apos;3.141.59&apos;, revision: &apos;e82be7d358&apos;, time: &apos;2018-11-14T08:17:03&apos;
System info: host: &apos;DESKTOP-RKOMUFV&apos;, ip: &apos;192.168.43.225&apos;, os.name: &apos;Windows 10&apos;, os.arch: &apos;amd64&apos;, os.version: &apos;10.0&apos;, java.version: &apos;16.0.2&apos;
Driver info: org.openqa.selenium.chrome.ChromeDriver
Capabilities {acceptInsecureCerts: false, browserName: chrome, browserVersion: 92.0.4515.131, chrome: {chromedriverVersion: 92.0.4515.43 (8c61b7e2989f2..., userDataDir: C:\Users\Admin\AppData\Loca...}, goog:chromeOptions: {debuggerAddress: localhost:56188}, javascriptEnabled: true, networkConnectionEnabled: false, pageLoadStrategy: normal, platform: WINDOWS, platformName: WINDOWS, proxy: Proxy(), setWindowRect: true, strictFileInteractability: false, timeouts: {implicit: 0, pageLoad: 300000, script: 30000}, unhandledPromptBehavior: dismiss and notify, webauthn:extension:credBlob: true, webauthn:extension:largeBlob: true, webauthn:virtualAuthenticators: true}
Session ID: 190fa3c7b603a9b9022048ad26bd4539
*** Element info: {Using=xpath, value=//div[text()=&apos;Two Input Fields&apos;]}
	at org.openqa.selenium.remote.http.W3CHttpResponseCodec.createException(W3CHttpResponseCodec.java:187)
	at org.openqa.selenium.remote.http.W3CHttpResponseCodec.decode(W3CHttpResponseCodec.java:122)
	at org.openqa.selenium.remote.http.W3CHttpResponseCodec.decode(W3CHttpResponseCodec.java:49)
	at org.openqa.selenium.remote.HttpCommandExecutor.execute(HttpCommandExecutor.java:158)
	at org.openqa.selenium.remote.service.DriverCommandExecutor.execute(DriverCommandExecutor.java:83)
	at org.openqa.selenium.remote.RemoteWebDriver.execute(RemoteWebDriver.java:552)
	at org.openqa.selenium.remote.RemoteWebDriver.findElement(RemoteWebDriver.java:323)
	at org.openqa.selenium.remote.RemoteWebDriver.findElementByXPath(RemoteWebDriver.java:428)
	at org.openqa.selenium.By$ByXPath.findElement(By.java:353)
	at org.openqa.selenium.remote.RemoteWebDriver.findElement(RemoteWebDriver.java:315)
	at com.day10.testNGIntegration.SeleniumEasyPage.verifyInputFields(SeleniumEasyPage.java:87)
	at com.day10.testNGIntegration.SeleniumEasyTest.TC_03VerifyMultiInputField(SeleniumEasyTest.java:43)
... Removed 29 stack frames</div></td></tr></table><p class="totop"><a href="#summary">back to summary</a></p><h3 id="m3">com.day10.RedioButton.com.SeleniumRedioButtonTest#TC03VerifyGroupRedioButtonDemoField</h3><table class="result"></table><p class="totop"><a href="#summary">back to summary</a></p><h3 id="m4">com.day10.RedioButton.com.SeleniumRedioButtonTest#TC_01VerifyHeaderofRedioButtonDemoPage</h3><table class="result"></table><p class="totop"><a href="#summary">back to summary</a></p><h3 id="m5">com.day10.RedioButton.com.SeleniumRedioButtonTest#TC_02VerifyRedioButtonDemoField</h3><table class="result"></table><p class="totop"><a href="#summary">back to summary</a></p><h3 id="m6">com.day11CheckBox.com.SeleniumCheckBoxTest#TC_01CheckBoxPageHeaderTextIsDisplayed</h3><table class="result"></table><p class="totop"><a href="#summary">back to summary</a></p><h3 id="m7">com.day11CheckBox.com.SeleniumCheckBoxTest#TC_02VerifyAndClickSingleCheckBox</h3><table class="result"></table><p class="totop"><a href="#summary">back to summary</a></p><h3 id="m8">com.day11CheckBox.com.SeleniumCheckBoxTest#TC_03verifyResultOfSingleCheckBox</h3><table class="result"></table><p class="totop"><a href="#summary">back to summary</a></p><h3 id="m9">com.day11CheckBox.com.SeleniumCheckBoxTest#TC_04VerifyAndClickMultipleCheckBoxes</h3><table class="result"></table><p class="totop"><a href="#summary">back to summary</a></p><h3 id="m10">com.day12.com.SeleniumEasyAlertTest#TC_01verifyDropdownClickValueAndPageIsDesplayed</h3><table class="result"></table><p class="totop"><a href="#summary">back to summary</a></p><h3 id="m11">com.day12.com.SeleniumEasyAlertTest#TC_02ClickButtonAndVerifyAlertTextAutoCloseSuccess</h3><table class="result"></table><p class="totop"><a href="#summary">back to summary</a></p><h3 id="m12">com.day12.com.SeleniumEasyAlertTest#TC_03ClickButtonAndVerifyAlertTextNormalSuccess</h3><table class="result"></table><p class="totop"><a href="#summary">back to summary</a></p><h3 id="m13">com.day12.com.SeleniumEasyAlertTest#TC_04ClickButtonAndVerifyAlertTextAutoCloseWarning</h3><table class="result"></table><p class="totop"><a href="#summary">back to summary</a></p><h3 id="m14">com.day12.com.SeleniumEasyAlertTest#TC_05ClickButtonAndVerifyAlertTextNormalWarning</h3><table class="result"></table><p class="totop"><a href="#summary">back to summary</a></p><h3 id="m15">com.day12.com.SeleniumEasyAlertTest#TC_06ClickButtonAndVerifyAlertTextAutoCloseDenger</h3><table class="result"></table><p class="totop"><a href="#summary">back to summary</a></p><h3 id="m16">com.day12.com.SeleniumEasyAlertTest#TC_07ClickButtonAndVerifyAlertTextNormalDenger</h3><table class="result"></table><p class="totop"><a href="#summary">back to summary</a></p><h3 id="m17">com.day12.com.SeleniumEasyAlertTest#TC_08ClickButtonAndVerifyAlertTextAutoCloseINFO</h3><table class="result"></table><p class="totop"><a href="#summary">back to summary</a></p><h3 id="m18">com.day12.com.SeleniumEasyAlertTest#TC_09ClickButtonAndVerifyAlertTextNormalINFO</h3><table class="result"></table><p class="totop"><a href="#summary">back to summary</a></p></body></html>