<!DOCTYPE html>

<html>
  <head>
  <meta charset='utf-8'>
  <title>TestNG reports</title>

    <link type="text/css" href="testng-reports.css" rel="stylesheet" />  
    <script type="text/javascript" src="jquery-1.7.1.min.js"></script>
    <script type="text/javascript" src="testng-reports.js"></script>
    <script type="text/javascript" src="https://www.google.com/jsapi"></script>
    <script type='text/javascript'>
      google.load('visualization', '1', {packages:['table']});
      google.setOnLoadCallback(drawTable);
      var suiteTableInitFunctions = new Array();
      var suiteTableData = new Array();
    </script>
    <!--
      <script type="text/javascript" src="jquery-ui/js/jquery-ui-1.8.16.custom.min.js"></script>
     -->
  </head>

  <body>
    <div class="top-banner-root">
      <span class="top-banner-title-font">Test results</span>
      <br/>
      <span class="top-banner-font-1">1 suite, 3 failed tests</span>
    </div> <!-- top-banner-root -->
    <div class="navigator-root">
      <div class="navigator-suite-header">
        <span>All suites</span>
        <a href="#" title="Collapse/expand all the suites" class="collapse-all-link">
          <img src="collapseall.gif" class="collapse-all-icon">
          </img> <!-- collapse-all-icon -->
        </a> <!-- collapse-all-link -->
      </div> <!-- navigator-suite-header -->
      <div class="suite">
        <div class="rounded-window">
          <div class="suite-header light-rounded-window-top">
            <a href="#" panel-name="suite-Suite" class="navigator-link">
              <span class="suite-name border-failed">Suite</span>
            </a> <!-- navigator-link -->
          </div> <!-- suite-header light-rounded-window-top -->
          <div class="navigator-suite-content">
            <div class="suite-section-title">
              <span>Info</span>
            </div> <!-- suite-section-title -->
            <div class="suite-section-content">
              <ul>
                <li>
                  <a href="#" panel-name="test-xml-Suite" class="navigator-link ">
                    <span>C:\Users\Admin\git\SeleniumWithMaven\SeleniumWithMaven\testngAlert.xml</span>
                  </a> <!-- navigator-link  -->
                </li>
                <li>
                  <a href="#" panel-name="testlist-Suite" class="navigator-link ">
                    <span class="test-stats">1 test</span>
                  </a> <!-- navigator-link  -->
                </li>
                <li>
                  <a href="#" panel-name="group-Suite" class="navigator-link ">
                    <span>0 groups</span>
                  </a> <!-- navigator-link  -->
                </li>
                <li>
                  <a href="#" panel-name="times-Suite" class="navigator-link ">
                    <span>Times</span>
                  </a> <!-- navigator-link  -->
                </li>
                <li>
                  <a href="#" panel-name="reporter-Suite" class="navigator-link ">
                    <span>Reporter output</span>
                  </a> <!-- navigator-link  -->
                </li>
                <li>
                  <a href="#" panel-name="ignored-methods-Suite" class="navigator-link ">
                    <span>Ignored methods</span>
                  </a> <!-- navigator-link  -->
                </li>
                <li>
                  <a href="#" panel-name="chronological-Suite" class="navigator-link ">
                    <span>Chronological view</span>
                  </a> <!-- navigator-link  -->
                </li>
              </ul>
            </div> <!-- suite-section-content -->
            <div class="result-section">
              <div class="suite-section-title">
                <span>Results</span>
              </div> <!-- suite-section-title -->
              <div class="suite-section-content">
                <ul>
                  <li>
                    <span class="method-stats">19 methods, 3 failed,   16 passed</span>
                  </li>
                  <li>
                    <span class="method-list-title failed">Failed methods</span>
                    <span class="show-or-hide-methods failed">
                      <a href="#" panel-name="suite-Suite" class="hide-methods failed suite-Suite"> (hide)</a> <!-- hide-methods failed suite-Suite -->
                      <a href="#" panel-name="suite-Suite" class="show-methods failed suite-Suite"> (show)</a> <!-- show-methods failed suite-Suite -->
                    </span>
                    <div class="method-list-content failed suite-Suite">
                      <span>
                        <img src="failed.png" width="3%"/>
                        <a href="#" panel-name="suite-Suite" title="com.day10.testNGIntegration.SeleniumEasyTest" class="method navigator-link" hash-for-method="TC_01VerifyDropdownClickOnValueAndInputDemoPageIsDisplayed">TC_01VerifyDropdownClickOnValueAndInputDemoPageIsDisplayed</a> <!-- method navigator-link -->
                      </span>
                      <br/>
                      <span>
                        <img src="failed.png" width="3%"/>
                        <a href="#" panel-name="suite-Suite" title="com.day10.testNGIntegration.SeleniumEasyTest" class="method navigator-link" hash-for-method="TC_02VerifySingleInputField">TC_02VerifySingleInputField</a> <!-- method navigator-link -->
                      </span>
                      <br/>
                      <span>
                        <img src="failed.png" width="3%"/>
                        <a href="#" panel-name="suite-Suite" title="com.day10.testNGIntegration.SeleniumEasyTest" class="method navigator-link" hash-for-method="TC_03VerifyMultiInputField">TC_03VerifyMultiInputField</a> <!-- method navigator-link -->
                      </span>
                      <br/>
                    </div> <!-- method-list-content failed suite-Suite -->
                  </li>
                  <li>
                    <span class="method-list-title passed">Passed methods</span>
                    <span class="show-or-hide-methods passed">
                      <a href="#" panel-name="suite-Suite" class="hide-methods passed suite-Suite"> (hide)</a> <!-- hide-methods passed suite-Suite -->
                      <a href="#" panel-name="suite-Suite" class="show-methods passed suite-Suite"> (show)</a> <!-- show-methods passed suite-Suite -->
                    </span>
                    <div class="method-list-content passed suite-Suite">
                      <span>
                        <img src="passed.png" width="3%"/>
                        <a href="#" panel-name="suite-Suite" title="com.day10.RedioButton.com.SeleniumRedioButtonTest" class="method navigator-link" hash-for-method="TC03VerifyGroupRedioButtonDemoField">TC03VerifyGroupRedioButtonDemoField</a> <!-- method navigator-link -->
                      </span>
                      <br/>
                      <span>
                        <img src="passed.png" width="3%"/>
                        <a href="#" panel-name="suite-Suite" title="com.day11CheckBox.com.SeleniumCheckBoxTest" class="method navigator-link" hash-for-method="TC_01CheckBoxPageHeaderTextIsDisplayed">TC_01CheckBoxPageHeaderTextIsDisplayed</a> <!-- method navigator-link -->
                      </span>
                      <br/>
                      <span>
                        <img src="passed.png" width="3%"/>
                        <a href="#" panel-name="suite-Suite" title="com.day10.RedioButton.com.SeleniumRedioButtonTest" class="method navigator-link" hash-for-method="TC_01VerifyHeaderofRedioButtonDemoPage">TC_01VerifyHeaderofRedioButtonDemoPage</a> <!-- method navigator-link -->
                      </span>
                      <br/>
                      <span>
                        <img src="passed.png" width="3%"/>
                        <a href="#" panel-name="suite-Suite" title="com.day12.com.SeleniumEasyAlertTest" class="method navigator-link" hash-for-method="TC_01verifyDropdownClickValueAndPageIsDesplayed">TC_01verifyDropdownClickValueAndPageIsDesplayed</a> <!-- method navigator-link -->
                      </span>
                      <br/>
                      <span>
                        <img src="passed.png" width="3%"/>
                        <a href="#" panel-name="suite-Suite" title="com.day12.com.SeleniumEasyAlertTest" class="method navigator-link" hash-for-method="TC_02ClickButtonAndVerifyAlertTextAutoCloseSuccess">TC_02ClickButtonAndVerifyAlertTextAutoCloseSuccess</a> <!-- method navigator-link -->
                      </span>
                      <br/>
                      <span>
                        <img src="passed.png" width="3%"/>
                        <a href="#" panel-name="suite-Suite" title="com.day11CheckBox.com.SeleniumCheckBoxTest" class="method navigator-link" hash-for-method="TC_02VerifyAndClickSingleCheckBox">TC_02VerifyAndClickSingleCheckBox</a> <!-- method navigator-link -->
                      </span>
                      <br/>
                      <span>
                        <img src="passed.png" width="3%"/>
                        <a href="#" panel-name="suite-Suite" title="com.day10.RedioButton.com.SeleniumRedioButtonTest" class="method navigator-link" hash-for-method="TC_02VerifyRedioButtonDemoField">TC_02VerifyRedioButtonDemoField</a> <!-- method navigator-link -->
                      </span>
                      <br/>
                      <span>
                        <img src="passed.png" width="3%"/>
                        <a href="#" panel-name="suite-Suite" title="com.day12.com.SeleniumEasyAlertTest" class="method navigator-link" hash-for-method="TC_03ClickButtonAndVerifyAlertTextNormalSuccess">TC_03ClickButtonAndVerifyAlertTextNormalSuccess</a> <!-- method navigator-link -->
                      </span>
                      <br/>
                      <span>
                        <img src="passed.png" width="3%"/>
                        <a href="#" panel-name="suite-Suite" title="com.day11CheckBox.com.SeleniumCheckBoxTest" class="method navigator-link" hash-for-method="TC_03verifyResultOfSingleCheckBox">TC_03verifyResultOfSingleCheckBox</a> <!-- method navigator-link -->
                      </span>
                      <br/>
                      <span>
                        <img src="passed.png" width="3%"/>
                        <a href="#" panel-name="suite-Suite" title="com.day12.com.SeleniumEasyAlertTest" class="method navigator-link" hash-for-method="TC_04ClickButtonAndVerifyAlertTextAutoCloseWarning">TC_04ClickButtonAndVerifyAlertTextAutoCloseWarning</a> <!-- method navigator-link -->
                      </span>
                      <br/>
                      <span>
                        <img src="passed.png" width="3%"/>
                        <a href="#" panel-name="suite-Suite" title="com.day11CheckBox.com.SeleniumCheckBoxTest" class="method navigator-link" hash-for-method="TC_04VerifyAndClickMultipleCheckBoxes">TC_04VerifyAndClickMultipleCheckBoxes</a> <!-- method navigator-link -->
                      </span>
                      <br/>
                      <span>
                        <img src="passed.png" width="3%"/>
                        <a href="#" panel-name="suite-Suite" title="com.day12.com.SeleniumEasyAlertTest" class="method navigator-link" hash-for-method="TC_05ClickButtonAndVerifyAlertTextNormalWarning">TC_05ClickButtonAndVerifyAlertTextNormalWarning</a> <!-- method navigator-link -->
                      </span>
                      <br/>
                      <span>
                        <img src="passed.png" width="3%"/>
                        <a href="#" panel-name="suite-Suite" title="com.day12.com.SeleniumEasyAlertTest" class="method navigator-link" hash-for-method="TC_06ClickButtonAndVerifyAlertTextAutoCloseDenger">TC_06ClickButtonAndVerifyAlertTextAutoCloseDenger</a> <!-- method navigator-link -->
                      </span>
                      <br/>
                      <span>
                        <img src="passed.png" width="3%"/>
                        <a href="#" panel-name="suite-Suite" title="com.day12.com.SeleniumEasyAlertTest" class="method navigator-link" hash-for-method="TC_07ClickButtonAndVerifyAlertTextNormalDenger">TC_07ClickButtonAndVerifyAlertTextNormalDenger</a> <!-- method navigator-link -->
                      </span>
                      <br/>
                      <span>
                        <img src="passed.png" width="3%"/>
                        <a href="#" panel-name="suite-Suite" title="com.day12.com.SeleniumEasyAlertTest" class="method navigator-link" hash-for-method="TC_08ClickButtonAndVerifyAlertTextAutoCloseINFO">TC_08ClickButtonAndVerifyAlertTextAutoCloseINFO</a> <!-- method navigator-link -->
                      </span>
                      <br/>
                      <span>
                        <img src="passed.png" width="3%"/>
                        <a href="#" panel-name="suite-Suite" title="com.day12.com.SeleniumEasyAlertTest" class="method navigator-link" hash-for-method="TC_09ClickButtonAndVerifyAlertTextNormalINFO">TC_09ClickButtonAndVerifyAlertTextNormalINFO</a> <!-- method navigator-link -->
                      </span>
                      <br/>
                    </div> <!-- method-list-content passed suite-Suite -->
                  </li>
                </ul>
              </div> <!-- suite-section-content -->
            </div> <!-- result-section -->
          </div> <!-- navigator-suite-content -->
        </div> <!-- rounded-window -->
      </div> <!-- suite -->
    </div> <!-- navigator-root -->
    <div class="wrapper">
      <div class="main-panel-root">
        <div panel-name="suite-Suite" class="panel Suite">
          <div class="suite-Suite-class-failed">
            <div class="main-panel-header rounded-window-top">
              <img src="failed.png"/>
              <span class="class-name">com.day10.testNGIntegration.SeleniumEasyTest</span>
            </div> <!-- main-panel-header rounded-window-top -->
            <div class="main-panel-content rounded-window-bottom">
              <div class="method">
                <div class="method-content">
                  <a name="TC_01VerifyDropdownClickOnValueAndInputDemoPageIsDisplayed">
                  </a> <!-- TC_01VerifyDropdownClickOnValueAndInputDemoPageIsDisplayed -->
                  <span class="method-name">TC_01VerifyDropdownClickOnValueAndInputDemoPageIsDisplayed</span>
                  <div class="stack-trace">org.openqa.selenium.ElementClickInterceptedException: element click intercepted: Element &lt;a href=&quot;./basic-first-form-demo.html&quot;&gt;...&lt;/a&gt; is not clickable at point (305, 235). Other element would receive the click: &lt;div id=&quot;at-cv-lightbox-inner&quot;&gt;...&lt;/div&gt;
  (Session info: chrome=92.0.4515.131)
Build info: version: &apos;3.141.59&apos;, revision: &apos;e82be7d358&apos;, time: &apos;2018-11-14T08:17:03&apos;
System info: host: &apos;DESKTOP-RKOMUFV&apos;, ip: &apos;192.168.43.225&apos;, os.name: &apos;Windows 10&apos;, os.arch: &apos;amd64&apos;, os.version: &apos;10.0&apos;, java.version: &apos;16.0.2&apos;
Driver info: org.openqa.selenium.chrome.ChromeDriver
Capabilities {acceptInsecureCerts: false, browserName: chrome, browserVersion: 92.0.4515.131, chrome: {chromedriverVersion: 92.0.4515.43 (8c61b7e2989f2..., userDataDir: C:\Users\Admin\AppData\Loca...}, goog:chromeOptions: {debuggerAddress: localhost:56188}, javascriptEnabled: true, networkConnectionEnabled: false, pageLoadStrategy: normal, platform: WINDOWS, platformName: WINDOWS, proxy: Proxy(), setWindowRect: true, strictFileInteractability: false, timeouts: {implicit: 0, pageLoad: 300000, script: 30000}, unhandledPromptBehavior: dismiss and notify, webauthn:extension:credBlob: true, webauthn:extension:largeBlob: true, webauthn:virtualAuthenticators: true}
Session ID: 190fa3c7b603a9b9022048ad26bd4539
	at org.openqa.selenium.remote.http.W3CHttpResponseCodec.createException(W3CHttpResponseCodec.java:187)
	at org.openqa.selenium.remote.http.W3CHttpResponseCodec.decode(W3CHttpResponseCodec.java:122)
	at org.openqa.selenium.remote.http.W3CHttpResponseCodec.decode(W3CHttpResponseCodec.java:49)
	at org.openqa.selenium.remote.HttpCommandExecutor.execute(HttpCommandExecutor.java:158)
	at org.openqa.selenium.remote.service.DriverCommandExecutor.execute(DriverCommandExecutor.java:83)
	at org.openqa.selenium.remote.RemoteWebDriver.execute(RemoteWebDriver.java:552)
	at org.openqa.selenium.remote.RemoteWebElement.execute(RemoteWebElement.java:285)
	at org.openqa.selenium.remote.RemoteWebElement.click(RemoteWebElement.java:84)
	at com.day10.testNGIntegration.SeleniumEasyPage.getvaluesOfDropDown(SeleniumEasyPage.java:62)
	at com.day10.testNGIntegration.SeleniumEasyPage.getDropdownAndValues(SeleniumEasyPage.java:69)
	at com.day10.testNGIntegration.SeleniumEasyTest.TC_01VerifyDropdownClickOnValueAndInputDemoPageIsDisplayed(SeleniumEasyTest.java:27)
... Removed 29 stack frames
</div> <!-- stack-trace -->
                </div> <!-- method-content -->
              </div> <!-- method -->
              <div class="method">
                <div class="method-content">
                  <a name="TC_02VerifySingleInputField">
                  </a> <!-- TC_02VerifySingleInputField -->
                  <span class="method-name">TC_02VerifySingleInputField</span>
                  <div class="stack-trace">org.openqa.selenium.NoSuchElementException: no such element: Unable to locate element: {&quot;method&quot;:&quot;xpath&quot;,&quot;selector&quot;:&quot;//div[text()=&apos;Single Input Field&apos;]&quot;}
  (Session info: chrome=92.0.4515.131)
For documentation on this error, please visit: https://www.seleniumhq.org/exceptions/no_such_element.html
Build info: version: &apos;3.141.59&apos;, revision: &apos;e82be7d358&apos;, time: &apos;2018-11-14T08:17:03&apos;
System info: host: &apos;DESKTOP-RKOMUFV&apos;, ip: &apos;192.168.43.225&apos;, os.name: &apos;Windows 10&apos;, os.arch: &apos;amd64&apos;, os.version: &apos;10.0&apos;, java.version: &apos;16.0.2&apos;
Driver info: org.openqa.selenium.chrome.ChromeDriver
Capabilities {acceptInsecureCerts: false, browserName: chrome, browserVersion: 92.0.4515.131, chrome: {chromedriverVersion: 92.0.4515.43 (8c61b7e2989f2..., userDataDir: C:\Users\Admin\AppData\Loca...}, goog:chromeOptions: {debuggerAddress: localhost:56188}, javascriptEnabled: true, networkConnectionEnabled: false, pageLoadStrategy: normal, platform: WINDOWS, platformName: WINDOWS, proxy: Proxy(), setWindowRect: true, strictFileInteractability: false, timeouts: {implicit: 0, pageLoad: 300000, script: 30000}, unhandledPromptBehavior: dismiss and notify, webauthn:extension:credBlob: true, webauthn:extension:largeBlob: true, webauthn:virtualAuthenticators: true}
Session ID: 190fa3c7b603a9b9022048ad26bd4539
*** Element info: {Using=xpath, value=//div[text()=&apos;Single Input Field&apos;]}
	at org.openqa.selenium.remote.http.W3CHttpResponseCodec.createException(W3CHttpResponseCodec.java:187)
	at org.openqa.selenium.remote.http.W3CHttpResponseCodec.decode(W3CHttpResponseCodec.java:122)
	at org.openqa.selenium.remote.http.W3CHttpResponseCodec.decode(W3CHttpResponseCodec.java:49)
	at org.openqa.selenium.remote.HttpCommandExecutor.execute(HttpCommandExecutor.java:158)
	at org.openqa.selenium.remote.service.DriverCommandExecutor.execute(DriverCommandExecutor.java:83)
	at org.openqa.selenium.remote.RemoteWebDriver.execute(RemoteWebDriver.java:552)
	at org.openqa.selenium.remote.RemoteWebDriver.findElement(RemoteWebDriver.java:323)
	at org.openqa.selenium.remote.RemoteWebDriver.findElementByXPath(RemoteWebDriver.java:428)
	at org.openqa.selenium.By$ByXPath.findElement(By.java:353)
	at org.openqa.selenium.remote.RemoteWebDriver.findElement(RemoteWebDriver.java:315)
	at com.day10.testNGIntegration.SeleniumEasyPage.verifyInputFields(SeleniumEasyPage.java:87)
	at com.day10.testNGIntegration.SeleniumEasyTest.TC_02VerifySingleInputField(SeleniumEasyTest.java:34)
... Removed 29 stack frames
</div> <!-- stack-trace -->
                </div> <!-- method-content -->
              </div> <!-- method -->
              <div class="method">
                <div class="method-content">
                  <a name="TC_03VerifyMultiInputField">
                  </a> <!-- TC_03VerifyMultiInputField -->
                  <span class="method-name">TC_03VerifyMultiInputField</span>
                  <div class="stack-trace">org.openqa.selenium.NoSuchElementException: no such element: Unable to locate element: {&quot;method&quot;:&quot;xpath&quot;,&quot;selector&quot;:&quot;//div[text()=&apos;Two Input Fields&apos;]&quot;}
  (Session info: chrome=92.0.4515.131)
For documentation on this error, please visit: https://www.seleniumhq.org/exceptions/no_such_element.html
Build info: version: &apos;3.141.59&apos;, revision: &apos;e82be7d358&apos;, time: &apos;2018-11-14T08:17:03&apos;
System info: host: &apos;DESKTOP-RKOMUFV&apos;, ip: &apos;192.168.43.225&apos;, os.name: &apos;Windows 10&apos;, os.arch: &apos;amd64&apos;, os.version: &apos;10.0&apos;, java.version: &apos;16.0.2&apos;
Driver info: org.openqa.selenium.chrome.ChromeDriver
Capabilities {acceptInsecureCerts: false, browserName: chrome, browserVersion: 92.0.4515.131, chrome: {chromedriverVersion: 92.0.4515.43 (8c61b7e2989f2..., userDataDir: C:\Users\Admin\AppData\Loca...}, goog:chromeOptions: {debuggerAddress: localhost:56188}, javascriptEnabled: true, networkConnectionEnabled: false, pageLoadStrategy: normal, platform: WINDOWS, platformName: WINDOWS, proxy: Proxy(), setWindowRect: true, strictFileInteractability: false, timeouts: {implicit: 0, pageLoad: 300000, script: 30000}, unhandledPromptBehavior: dismiss and notify, webauthn:extension:credBlob: true, webauthn:extension:largeBlob: true, webauthn:virtualAuthenticators: true}
Session ID: 190fa3c7b603a9b9022048ad26bd4539
*** Element info: {Using=xpath, value=//div[text()=&apos;Two Input Fields&apos;]}
	at org.openqa.selenium.remote.http.W3CHttpResponseCodec.createException(W3CHttpResponseCodec.java:187)
	at org.openqa.selenium.remote.http.W3CHttpResponseCodec.decode(W3CHttpResponseCodec.java:122)
	at org.openqa.selenium.remote.http.W3CHttpResponseCodec.decode(W3CHttpResponseCodec.java:49)
	at org.openqa.selenium.remote.HttpCommandExecutor.execute(HttpCommandExecutor.java:158)
	at org.openqa.selenium.remote.service.DriverCommandExecutor.execute(DriverCommandExecutor.java:83)
	at org.openqa.selenium.remote.RemoteWebDriver.execute(RemoteWebDriver.java:552)
	at org.openqa.selenium.remote.RemoteWebDriver.findElement(RemoteWebDriver.java:323)
	at org.openqa.selenium.remote.RemoteWebDriver.findElementByXPath(RemoteWebDriver.java:428)
	at org.openqa.selenium.By$ByXPath.findElement(By.java:353)
	at org.openqa.selenium.remote.RemoteWebDriver.findElement(RemoteWebDriver.java:315)
	at com.day10.testNGIntegration.SeleniumEasyPage.verifyInputFields(SeleniumEasyPage.java:87)
	at com.day10.testNGIntegration.SeleniumEasyTest.TC_03VerifyMultiInputField(SeleniumEasyTest.java:43)
... Removed 29 stack frames
</div> <!-- stack-trace -->
                </div> <!-- method-content -->
              </div> <!-- method -->
            </div> <!-- main-panel-content rounded-window-bottom -->
          </div> <!-- suite-Suite-class-failed -->
          <div class="suite-Suite-class-passed">
            <div class="main-panel-header rounded-window-top">
              <img src="passed.png"/>
              <span class="class-name">com.day11CheckBox.com.SeleniumCheckBoxTest</span>
            </div> <!-- main-panel-header rounded-window-top -->
            <div class="main-panel-content rounded-window-bottom">
              <div class="method">
                <div class="method-content">
                  <a name="TC_01CheckBoxPageHeaderTextIsDisplayed">
                  </a> <!-- TC_01CheckBoxPageHeaderTextIsDisplayed -->
                  <span class="method-name">TC_01CheckBoxPageHeaderTextIsDisplayed</span>
                </div> <!-- method-content -->
              </div> <!-- method -->
              <div class="method">
                <div class="method-content">
                  <a name="TC_02VerifyAndClickSingleCheckBox">
                  </a> <!-- TC_02VerifyAndClickSingleCheckBox -->
                  <span class="method-name">TC_02VerifyAndClickSingleCheckBox</span>
                </div> <!-- method-content -->
              </div> <!-- method -->
              <div class="method">
                <div class="method-content">
                  <a name="TC_03verifyResultOfSingleCheckBox">
                  </a> <!-- TC_03verifyResultOfSingleCheckBox -->
                  <span class="method-name">TC_03verifyResultOfSingleCheckBox</span>
                </div> <!-- method-content -->
              </div> <!-- method -->
              <div class="method">
                <div class="method-content">
                  <a name="TC_04VerifyAndClickMultipleCheckBoxes">
                  </a> <!-- TC_04VerifyAndClickMultipleCheckBoxes -->
                  <span class="method-name">TC_04VerifyAndClickMultipleCheckBoxes</span>
                </div> <!-- method-content -->
              </div> <!-- method -->
            </div> <!-- main-panel-content rounded-window-bottom -->
          </div> <!-- suite-Suite-class-passed -->
          <div class="suite-Suite-class-passed">
            <div class="main-panel-header rounded-window-top">
              <img src="passed.png"/>
              <span class="class-name">com.day10.RedioButton.com.SeleniumRedioButtonTest</span>
            </div> <!-- main-panel-header rounded-window-top -->
            <div class="main-panel-content rounded-window-bottom">
              <div class="method">
                <div class="method-content">
                  <a name="TC03VerifyGroupRedioButtonDemoField">
                  </a> <!-- TC03VerifyGroupRedioButtonDemoField -->
                  <span class="method-name">TC03VerifyGroupRedioButtonDemoField</span>
                </div> <!-- method-content -->
              </div> <!-- method -->
              <div class="method">
                <div class="method-content">
                  <a name="TC_01VerifyHeaderofRedioButtonDemoPage">
                  </a> <!-- TC_01VerifyHeaderofRedioButtonDemoPage -->
                  <span class="method-name">TC_01VerifyHeaderofRedioButtonDemoPage</span>
                </div> <!-- method-content -->
              </div> <!-- method -->
              <div class="method">
                <div class="method-content">
                  <a name="TC_02VerifyRedioButtonDemoField">
                  </a> <!-- TC_02VerifyRedioButtonDemoField -->
                  <span class="method-name">TC_02VerifyRedioButtonDemoField</span>
                </div> <!-- method-content -->
              </div> <!-- method -->
            </div> <!-- main-panel-content rounded-window-bottom -->
          </div> <!-- suite-Suite-class-passed -->
          <div class="suite-Suite-class-passed">
            <div class="main-panel-header rounded-window-top">
              <img src="passed.png"/>
              <span class="class-name">com.day12.com.SeleniumEasyAlertTest</span>
            </div> <!-- main-panel-header rounded-window-top -->
            <div class="main-panel-content rounded-window-bottom">
              <div class="method">
                <div class="method-content">
                  <a name="TC_01verifyDropdownClickValueAndPageIsDesplayed">
                  </a> <!-- TC_01verifyDropdownClickValueAndPageIsDesplayed -->
                  <span class="method-name">TC_01verifyDropdownClickValueAndPageIsDesplayed</span>
                </div> <!-- method-content -->
              </div> <!-- method -->
              <div class="method">
                <div class="method-content">
                  <a name="TC_02ClickButtonAndVerifyAlertTextAutoCloseSuccess">
                  </a> <!-- TC_02ClickButtonAndVerifyAlertTextAutoCloseSuccess -->
                  <span class="method-name">TC_02ClickButtonAndVerifyAlertTextAutoCloseSuccess</span>
                </div> <!-- method-content -->
              </div> <!-- method -->
              <div class="method">
                <div class="method-content">
                  <a name="TC_03ClickButtonAndVerifyAlertTextNormalSuccess">
                  </a> <!-- TC_03ClickButtonAndVerifyAlertTextNormalSuccess -->
                  <span class="method-name">TC_03ClickButtonAndVerifyAlertTextNormalSuccess</span>
                </div> <!-- method-content -->
              </div> <!-- method -->
              <div class="method">
                <div class="method-content">
                  <a name="TC_04ClickButtonAndVerifyAlertTextAutoCloseWarning">
                  </a> <!-- TC_04ClickButtonAndVerifyAlertTextAutoCloseWarning -->
                  <span class="method-name">TC_04ClickButtonAndVerifyAlertTextAutoCloseWarning</span>
                </div> <!-- method-content -->
              </div> <!-- method -->
              <div class="method">
                <div class="method-content">
                  <a name="TC_05ClickButtonAndVerifyAlertTextNormalWarning">
                  </a> <!-- TC_05ClickButtonAndVerifyAlertTextNormalWarning -->
                  <span class="method-name">TC_05ClickButtonAndVerifyAlertTextNormalWarning</span>
                </div> <!-- method-content -->
              </div> <!-- method -->
              <div class="method">
                <div class="method-content">
                  <a name="TC_06ClickButtonAndVerifyAlertTextAutoCloseDenger">
                  </a> <!-- TC_06ClickButtonAndVerifyAlertTextAutoCloseDenger -->
                  <span class="method-name">TC_06ClickButtonAndVerifyAlertTextAutoCloseDenger</span>
                </div> <!-- method-content -->
              </div> <!-- method -->
              <div class="method">
                <div class="method-content">
                  <a name="TC_07ClickButtonAndVerifyAlertTextNormalDenger">
                  </a> <!-- TC_07ClickButtonAndVerifyAlertTextNormalDenger -->
                  <span class="method-name">TC_07ClickButtonAndVerifyAlertTextNormalDenger</span>
                </div> <!-- method-content -->
              </div> <!-- method -->
              <div class="method">
                <div class="method-content">
                  <a name="TC_08ClickButtonAndVerifyAlertTextAutoCloseINFO">
                  </a> <!-- TC_08ClickButtonAndVerifyAlertTextAutoCloseINFO -->
                  <span class="method-name">TC_08ClickButtonAndVerifyAlertTextAutoCloseINFO</span>
                </div> <!-- method-content -->
              </div> <!-- method -->
              <div class="method">
                <div class="method-content">
                  <a name="TC_09ClickButtonAndVerifyAlertTextNormalINFO">
                  </a> <!-- TC_09ClickButtonAndVerifyAlertTextNormalINFO -->
                  <span class="method-name">TC_09ClickButtonAndVerifyAlertTextNormalINFO</span>
                </div> <!-- method-content -->
              </div> <!-- method -->
            </div> <!-- main-panel-content rounded-window-bottom -->
          </div> <!-- suite-Suite-class-passed -->
        </div> <!-- panel Suite -->
        <div panel-name="test-xml-Suite" class="panel">
          <div class="main-panel-header rounded-window-top">
            <span class="header-content">C:\Users\Admin\git\SeleniumWithMaven\SeleniumWithMaven\testngAlert.xml</span>
          </div> <!-- main-panel-header rounded-window-top -->
          <div class="main-panel-content rounded-window-bottom">
            <pre>
&lt;?xml version=&quot;1.0&quot; encoding=&quot;UTF-8&quot;?&gt;
&lt;!DOCTYPE suite SYSTEM &quot;http://testng.org/testng-1.0.dtd&quot;&gt;
&lt;suite parallel=&quot;none&quot; name=&quot;Suite&quot; guice-stage=&quot;DEVELOPMENT&quot;&gt;
  &lt;listeners&gt;
    &lt;listener class-name=&quot;org.uncommons.reportng.HTMLReporter&quot;/&gt;
    &lt;listener class-name=&quot;org.uncommons.reportng.JUnitXMLReporter&quot;/&gt;
  &lt;/listeners&gt;
  &lt;test thread-count=&quot;5&quot; name=&quot;Test&quot;&gt;
    &lt;classes&gt;
      &lt;class name=&quot;com.day12.com.SeleniumEasyAlertTest&quot;/&gt;
      &lt;class name=&quot;com.day10.testNGIntegration.SeleniumEasyTest&quot;/&gt;
      &lt;class name=&quot;com.day10.RedioButton.com.SeleniumRedioButtonTest&quot;/&gt;
      &lt;class name=&quot;com.day11CheckBox.com.SeleniumCheckBoxTest&quot;/&gt;
    &lt;/classes&gt;
  &lt;/test&gt; &lt;!-- Test --&gt;
&lt;/suite&gt; &lt;!-- Suite --&gt;
            </pre>
          </div> <!-- main-panel-content rounded-window-bottom -->
        </div> <!-- panel -->
        <div panel-name="testlist-Suite" class="panel">
          <div class="main-panel-header rounded-window-top">
            <span class="header-content">Tests for Suite</span>
          </div> <!-- main-panel-header rounded-window-top -->
          <div class="main-panel-content rounded-window-bottom">
            <ul>
              <li>
                <span class="test-name">Test (4 classes)</span>
              </li>
            </ul>
          </div> <!-- main-panel-content rounded-window-bottom -->
        </div> <!-- panel -->
        <div panel-name="group-Suite" class="panel">
          <div class="main-panel-header rounded-window-top">
            <span class="header-content">Groups for Suite</span>
          </div> <!-- main-panel-header rounded-window-top -->
          <div class="main-panel-content rounded-window-bottom">
          </div> <!-- main-panel-content rounded-window-bottom -->
        </div> <!-- panel -->
        <div panel-name="times-Suite" class="panel">
          <div class="main-panel-header rounded-window-top">
            <span class="header-content">Times for Suite</span>
          </div> <!-- main-panel-header rounded-window-top -->
          <div class="main-panel-content rounded-window-bottom">
            <div class="times-div">
              <script type="text/javascript">
suiteTableInitFunctions.push('tableData_Suite');
function tableData_Suite() {
var data = new google.visualization.DataTable();
data.addColumn('number', 'Number');
data.addColumn('string', 'Method');
data.addColumn('string', 'Class');
data.addColumn('number', 'Time (ms)');
data.addRows(19);
data.setCell(0, 0, 0)
data.setCell(0, 1, 'TC_03VerifyMultiInputField')
data.setCell(0, 2, 'com.day10.testNGIntegration.SeleniumEasyTest')
data.setCell(0, 3, 10063);
data.setCell(1, 0, 1)
data.setCell(1, 1, 'TC_02VerifySingleInputField')
data.setCell(1, 2, 'com.day10.testNGIntegration.SeleniumEasyTest')
data.setCell(1, 3, 10045);
data.setCell(2, 0, 2)
data.setCell(2, 1, 'TC_01verifyDropdownClickValueAndPageIsDesplayed')
data.setCell(2, 2, 'com.day12.com.SeleniumEasyAlertTest')
data.setCell(2, 3, 1863);
data.setCell(3, 0, 3)
data.setCell(3, 1, 'TC_01VerifyDropdownClickOnValueAndInputDemoPageIsDisplayed')
data.setCell(3, 2, 'com.day10.testNGIntegration.SeleniumEasyTest')
data.setCell(3, 3, 1685);
data.setCell(4, 0, 4)
data.setCell(4, 1, 'TC_04VerifyAndClickMultipleCheckBoxes')
data.setCell(4, 2, 'com.day11CheckBox.com.SeleniumCheckBoxTest')
data.setCell(4, 3, 623);
data.setCell(5, 0, 5)
data.setCell(5, 1, 'TC03VerifyGroupRedioButtonDemoField')
data.setCell(5, 2, 'com.day10.RedioButton.com.SeleniumRedioButtonTest')
data.setCell(5, 3, 504);
data.setCell(6, 0, 6)
data.setCell(6, 1, 'TC_02VerifyRedioButtonDemoField')
data.setCell(6, 2, 'com.day10.RedioButton.com.SeleniumRedioButtonTest')
data.setCell(6, 3, 348);
data.setCell(7, 0, 7)
data.setCell(7, 1, 'TC_05ClickButtonAndVerifyAlertTextNormalWarning')
data.setCell(7, 2, 'com.day12.com.SeleniumEasyAlertTest')
data.setCell(7, 3, 257);
data.setCell(8, 0, 8)
data.setCell(8, 1, 'TC_04ClickButtonAndVerifyAlertTextAutoCloseWarning')
data.setCell(8, 2, 'com.day12.com.SeleniumEasyAlertTest')
data.setCell(8, 3, 241);
data.setCell(9, 0, 9)
data.setCell(9, 1, 'TC_08ClickButtonAndVerifyAlertTextAutoCloseINFO')
data.setCell(9, 2, 'com.day12.com.SeleniumEasyAlertTest')
data.setCell(9, 3, 225);
data.setCell(10, 0, 10)
data.setCell(10, 1, 'TC_02VerifyAndClickSingleCheckBox')
data.setCell(10, 2, 'com.day11CheckBox.com.SeleniumCheckBoxTest')
data.setCell(10, 3, 212);
data.setCell(11, 0, 11)
data.setCell(11, 1, 'TC_09ClickButtonAndVerifyAlertTextNormalINFO')
data.setCell(11, 2, 'com.day12.com.SeleniumEasyAlertTest')
data.setCell(11, 3, 208);
data.setCell(12, 0, 12)
data.setCell(12, 1, 'TC_02ClickButtonAndVerifyAlertTextAutoCloseSuccess')
data.setCell(12, 2, 'com.day12.com.SeleniumEasyAlertTest')
data.setCell(12, 3, 184);
data.setCell(13, 0, 13)
data.setCell(13, 1, 'TC_06ClickButtonAndVerifyAlertTextAutoCloseDenger')
data.setCell(13, 2, 'com.day12.com.SeleniumEasyAlertTest')
data.setCell(13, 3, 176);
data.setCell(14, 0, 14)
data.setCell(14, 1, 'TC_07ClickButtonAndVerifyAlertTextNormalDenger')
data.setCell(14, 2, 'com.day12.com.SeleniumEasyAlertTest')
data.setCell(14, 3, 160);
data.setCell(15, 0, 15)
data.setCell(15, 1, 'TC_03ClickButtonAndVerifyAlertTextNormalSuccess')
data.setCell(15, 2, 'com.day12.com.SeleniumEasyAlertTest')
data.setCell(15, 3, 149);
data.setCell(16, 0, 16)
data.setCell(16, 1, 'TC_01VerifyHeaderofRedioButtonDemoPage')
data.setCell(16, 2, 'com.day10.RedioButton.com.SeleniumRedioButtonTest')
data.setCell(16, 3, 87);
data.setCell(17, 0, 17)
data.setCell(17, 1, 'TC_01CheckBoxPageHeaderTextIsDisplayed')
data.setCell(17, 2, 'com.day11CheckBox.com.SeleniumCheckBoxTest')
data.setCell(17, 3, 84);
data.setCell(18, 0, 18)
data.setCell(18, 1, 'TC_03verifyResultOfSingleCheckBox')
data.setCell(18, 2, 'com.day11CheckBox.com.SeleniumCheckBoxTest')
data.setCell(18, 3, 50);
window.suiteTableData['Suite']= { tableData: data, tableDiv: 'times-div-Suite'}
return data;
}
              </script>
              <span class="suite-total-time">Total running time: 27 seconds</span>
              <div id="times-div-Suite">
              </div> <!-- times-div-Suite -->
            </div> <!-- times-div -->
          </div> <!-- main-panel-content rounded-window-bottom -->
        </div> <!-- panel -->
        <div panel-name="reporter-Suite" class="panel">
          <div class="main-panel-header rounded-window-top">
            <span class="header-content">Reporter output for Suite</span>
          </div> <!-- main-panel-header rounded-window-top -->
          <div class="main-panel-content rounded-window-bottom">
          </div> <!-- main-panel-content rounded-window-bottom -->
        </div> <!-- panel -->
        <div panel-name="ignored-methods-Suite" class="panel">
          <div class="main-panel-header rounded-window-top">
            <span class="header-content">0 ignored methods</span>
          </div> <!-- main-panel-header rounded-window-top -->
          <div class="main-panel-content rounded-window-bottom">
          </div> <!-- main-panel-content rounded-window-bottom -->
        </div> <!-- panel -->
        <div panel-name="chronological-Suite" class="panel">
          <div class="main-panel-header rounded-window-top">
            <span class="header-content">Methods in chronological order</span>
          </div> <!-- main-panel-header rounded-window-top -->
          <div class="main-panel-content rounded-window-bottom">
            <div class="chronological-class">
              <div class="chronological-class-name">com.day12.com.SeleniumEasyAlertTest</div> <!-- chronological-class-name -->
              <div class="configuration-class before">
                <span class="method-name">initalizewebSetUpEnvirnment</span>
                <span class="method-start">0 ms</span>
              </div> <!-- configuration-class before -->
              <div class="test-method">
                <span class="method-name">TC_01verifyDropdownClickValueAndPageIsDesplayed</span>
                <span class="method-start">9784 ms</span>
              </div> <!-- test-method -->
            </div> <!-- chronological-class -->
            <div class="chronological-class">
              <div class="chronological-class-name">com.day10.testNGIntegration.SeleniumEasyTest</div> <!-- chronological-class-name -->
              <div class="configuration-class before">
                <span class="method-name">setUpWebEnvirnment</span>
                <span class="method-start">11649 ms</span>
              </div> <!-- configuration-class before -->
              <div class="test-method">
                <img src="failed.png">
                </img>
                <span class="method-name">TC_01VerifyDropdownClickOnValueAndInputDemoPageIsDisplayed</span>
                <span class="method-start">21215 ms</span>
              </div> <!-- test-method -->
            </div> <!-- chronological-class -->
            <div class="chronological-class">
              <div class="chronological-class-name">com.day10.RedioButton.com.SeleniumRedioButtonTest</div> <!-- chronological-class-name -->
              <div class="configuration-class before">
                <span class="method-name">setUpWebEnvirnment</span>
                <span class="method-start">22904 ms</span>
              </div> <!-- configuration-class before -->
              <div class="test-method">
                <span class="method-name">TC_01VerifyHeaderofRedioButtonDemoPage</span>
                <span class="method-start">31952 ms</span>
              </div> <!-- test-method -->
            </div> <!-- chronological-class -->
            <div class="chronological-class">
              <div class="chronological-class-name">com.day11CheckBox.com.SeleniumCheckBoxTest</div> <!-- chronological-class-name -->
              <div class="configuration-class before">
                <span class="method-name">initalizeWebEnvirnmentSetUp</span>
                <span class="method-start">32040 ms</span>
              </div> <!-- configuration-class before -->
              <div class="test-method">
                <span class="method-name">TC_01CheckBoxPageHeaderTextIsDisplayed</span>
                <span class="method-start">45328 ms</span>
              </div> <!-- test-method -->
            </div> <!-- chronological-class -->
            <div class="chronological-class">
              <div class="chronological-class-name">com.day12.com.SeleniumEasyAlertTest</div> <!-- chronological-class-name -->
              <div class="test-method">
                <span class="method-name">TC_02ClickButtonAndVerifyAlertTextAutoCloseSuccess</span>
                <span class="method-start">45414 ms</span>
              </div> <!-- test-method -->
            </div> <!-- chronological-class -->
            <div class="chronological-class">
              <div class="chronological-class-name">com.day10.testNGIntegration.SeleniumEasyTest</div> <!-- chronological-class-name -->
              <div class="test-method">
                <img src="failed.png">
                </img>
                <span class="method-name">TC_02VerifySingleInputField</span>
                <span class="method-start">45600 ms</span>
              </div> <!-- test-method -->
            </div> <!-- chronological-class -->
            <div class="chronological-class">
              <div class="chronological-class-name">com.day10.RedioButton.com.SeleniumRedioButtonTest</div> <!-- chronological-class-name -->
              <div class="test-method">
                <span class="method-name">TC_02VerifyRedioButtonDemoField</span>
                <span class="method-start">55648 ms</span>
              </div> <!-- test-method -->
            </div> <!-- chronological-class -->
            <div class="chronological-class">
              <div class="chronological-class-name">com.day11CheckBox.com.SeleniumCheckBoxTest</div> <!-- chronological-class-name -->
              <div class="test-method">
                <span class="method-name">TC_02VerifyAndClickSingleCheckBox</span>
                <span class="method-start">55997 ms</span>
              </div> <!-- test-method -->
            </div> <!-- chronological-class -->
            <div class="chronological-class">
              <div class="chronological-class-name">com.day12.com.SeleniumEasyAlertTest</div> <!-- chronological-class-name -->
              <div class="test-method">
                <span class="method-name">TC_03ClickButtonAndVerifyAlertTextNormalSuccess</span>
                <span class="method-start">56214 ms</span>
              </div> <!-- test-method -->
            </div> <!-- chronological-class -->
            <div class="chronological-class">
              <div class="chronological-class-name">com.day10.testNGIntegration.SeleniumEasyTest</div> <!-- chronological-class-name -->
              <div class="test-method">
                <img src="failed.png">
                </img>
                <span class="method-name">TC_03VerifyMultiInputField</span>
                <span class="method-start">56364 ms</span>
              </div> <!-- test-method -->
              <div class="configuration-class after">
                <span class="method-name">tearDownCloseEnvirnment</span>
                <span class="method-start">66430 ms</span>
              </div> <!-- configuration-class after -->
            </div> <!-- chronological-class -->
            <div class="chronological-class">
              <div class="chronological-class-name">com.day10.RedioButton.com.SeleniumRedioButtonTest</div> <!-- chronological-class-name -->
              <div class="test-method">
                <span class="method-name">TC03VerifyGroupRedioButtonDemoField</span>
                <span class="method-start">67455 ms</span>
              </div> <!-- test-method -->
            </div> <!-- chronological-class -->
            <div class="chronological-class">
              <div class="chronological-class-name">com.day11CheckBox.com.SeleniumCheckBoxTest</div> <!-- chronological-class-name -->
              <div class="test-method">
                <span class="method-name">TC_03verifyResultOfSingleCheckBox</span>
                <span class="method-start">67960 ms</span>
              </div> <!-- test-method -->
            </div> <!-- chronological-class -->
            <div class="chronological-class">
              <div class="chronological-class-name">com.day12.com.SeleniumEasyAlertTest</div> <!-- chronological-class-name -->
              <div class="test-method">
                <span class="method-name">TC_04ClickButtonAndVerifyAlertTextAutoCloseWarning</span>
                <span class="method-start">68011 ms</span>
              </div> <!-- test-method -->
            </div> <!-- chronological-class -->
            <div class="chronological-class">
              <div class="chronological-class-name">com.day11CheckBox.com.SeleniumCheckBoxTest</div> <!-- chronological-class-name -->
              <div class="test-method">
                <span class="method-name">TC_04VerifyAndClickMultipleCheckBoxes</span>
                <span class="method-start">68253 ms</span>
              </div> <!-- test-method -->
            </div> <!-- chronological-class -->
            <div class="chronological-class">
              <div class="chronological-class-name">com.day12.com.SeleniumEasyAlertTest</div> <!-- chronological-class-name -->
              <div class="test-method">
                <span class="method-name">TC_05ClickButtonAndVerifyAlertTextNormalWarning</span>
                <span class="method-start">68877 ms</span>
              </div> <!-- test-method -->
              <div class="test-method">
                <span class="method-name">TC_06ClickButtonAndVerifyAlertTextAutoCloseDenger</span>
                <span class="method-start">69135 ms</span>
              </div> <!-- test-method -->
              <div class="test-method">
                <span class="method-name">TC_07ClickButtonAndVerifyAlertTextNormalDenger</span>
                <span class="method-start">69312 ms</span>
              </div> <!-- test-method -->
              <div class="test-method">
                <span class="method-name">TC_08ClickButtonAndVerifyAlertTextAutoCloseINFO</span>
                <span class="method-start">69473 ms</span>
              </div> <!-- test-method -->
              <div class="test-method">
                <span class="method-name">TC_09ClickButtonAndVerifyAlertTextNormalINFO</span>
                <span class="method-start">69699 ms</span>
              </div> <!-- test-method -->
              <div class="configuration-class after">
                <span class="method-name">closeBrowser</span>
                <span class="method-start">69909 ms</span>
              </div> <!-- configuration-class after -->
          </div> <!-- main-panel-content rounded-window-bottom -->
        </div> <!-- panel -->
      </div> <!-- main-panel-root -->
    </div> <!-- wrapper -->
  </body>
</html>
